2024-04-22 10:37:56.036 [info] Extension host with pid 5978 started
2024-04-22 10:37:56.129 [info] ExtensionService#_doActivateExtension vscode.git-base, startup: true, activationEvent: '*', root cause: vscode.git
2024-04-22 10:37:56.216 [info] ExtensionService#_doActivateExtension vscode.git, startup: true, activationEvent: '*'
2024-04-22 10:37:56.283 [info] ExtensionService#_doActivateExtension vscode.github, startup: true, activationEvent: '*'
2024-04-22 10:37:56.338 [info] Eager extensions activated
2024-04-22 10:37:56.348 [info] ExtensionService#_doActivateExtension vscode.debug-auto-launch, startup: false, activationEvent: 'onStartupFinished'
2024-04-22 10:37:56.350 [info] ExtensionService#_doActivateExtension vscode.merge-conflict, startup: false, activationEvent: 'onStartupFinished'
2024-04-22 10:38:08.370 [info] ExtensionService#_doActivateExtension vscode.emmet, startup: false, activationEvent: 'onLanguage'
2024-04-22 10:38:46.944 [info] ExtensionService#_doActivateExtension vscode.json-language-features, startup: false, activationEvent: 'onLanguage:jsonc'
2024-04-22 10:38:47.007 [info] ExtensionService#_doActivateExtension vscode.typescript-language-features, startup: false, activationEvent: 'onLanguage:jsonc'
2024-04-22 10:38:56.409 [info] ExtensionService#_doActivateExtension ms-python.python, startup: false, activationEvent: 'onWalkthrough:pythonWelcome'
2024-04-22 10:38:57.804 [error] Error: Extension 'ms-python.python' CANNOT use API proposal: testObserver.
Its package.json#enabledApiProposals-property declares:  but NOT testObserver.
 The missing proposal MUST be added and you must start in extension development mode or use the following command line switch: --enable-proposed-api ms-python.python
	at C (/usr/lib/code/out/vs/workbench/api/node/extensionHostProcess.js:140:51400)
	at get testResults [as testResults] (/usr/lib/code/out/vs/workbench/api/node/extensionHostProcess.js:162:25277)
	at T.activate (/home/suhui/.vscode-oss/extensions/ms-python.python-2024.4.1-universal/out/client/extension.js:2:775617)
	at /home/suhui/.vscode-oss/extensions/ms-python.python-2024.4.1-universal/out/client/extension.js:2:2460
	at Array.map (<anonymous>)
	at g.activateWorkspace (/home/suhui/.vscode-oss/extensions/ms-python.python-2024.4.1-universal/out/client/extension.js:2:2450)
2024-04-22 10:40:31.029 [info] ExtensionService#_doActivateExtension vscodevim.vim, startup: false, activationEvent: 'onStartupFinished'
2024-04-22 10:40:32.136 [error] Error: ENOENT: no such file or directory, open '/home/suhui/.config/Code - OSS/User/globalStorage/vscodevim.vim/.registers'
2024-04-22 10:45:02.118 [info] Extension host terminating: renderer closed the MessagePort
2024-04-22 10:45:02.130 [error] Error: ENOENT: no such file or directory, open '/home/suhui/.config/Code - OSS/User/globalStorage/vscodevim.vim/.registers'
2024-04-22 10:45:02.133 [info] Extension host with pid 5978 exiting with code 0
