2024-04-23 22:12:58.951 [info] Reading sessions from keychain...
2024-04-23 22:12:58.951 [info] Getting sessions for all scopes...
2024-04-23 22:12:58.951 [info] Got stored sessions!
2024-04-23 22:12:58.951 [info] Got 1 verified sessions.
2024-04-23 22:12:58.951 [info] Got 1 sessions for ...
2024-04-23 22:12:58.951 [info] Getting sessions for all scopes...
2024-04-23 22:12:58.951 [info] Got 1 sessions for ...
2024-04-23 22:12:58.951 [info] Getting sessions for read:user,repo,user:email,workflow...
2024-04-23 22:12:58.951 [info] Got 0 sessions for read:user,repo,user:email,workflow...
2024-04-23 22:12:58.951 [info] Getting sessions for read:user...
2024-04-23 22:12:58.951 [info] Got 0 sessions for read:user...
2024-04-23 22:12:58.952 [info] Getting sessions for user:email...
2024-04-23 22:12:58.952 [info] Got 1 sessions for user:email...
2024-04-23 22:13:01.699 [info] Getting sessions for read:user,repo,user:email,workflow...
2024-04-23 22:13:01.699 [info] Got 0 sessions for read:user,repo,user:email,workflow...
2024-04-23 22:13:01.704 [info] Getting sessions for read:user...
2024-04-23 22:13:01.704 [info] Got 0 sessions for read:user...
2024-04-23 22:13:01.706 [info] Getting sessions for user:email...
2024-04-23 22:13:01.706 [info] Got 1 sessions for user:email...
2024-04-23 22:13:03.054 [info] Getting sessions for read:user,repo,user:email,workflow...
2024-04-23 22:13:03.054 [info] Got 0 sessions for read:user,repo,user:email,workflow...
2024-04-23 22:13:03.055 [info] Getting sessions for read:user...
2024-04-23 22:13:03.055 [info] Got 0 sessions for read:user...
2024-04-23 22:13:03.056 [info] Getting sessions for user:email...
2024-04-23 22:13:03.056 [info] Got 1 sessions for user:email...
2024-04-23 22:13:03.066 [info] Getting sessions for all scopes...
2024-04-23 22:13:03.066 [info] Got 1 sessions for ...
