2024-04-23 22:09:16.927 [info] Log level: Info
2024-04-23 22:09:16.927 [info] Validating found git in: "git"
2024-04-23 22:09:16.927 [info] Using git "2.44.0" from "git"
2024-04-23 22:09:16.927 [info] > git rev-parse --show-toplevel [9ms]
2024-04-23 22:09:16.927 [info] fatal: not a git repository (or any of the parent directories): .git
2024-04-23 22:09:16.927 [info] > git rev-parse --show-toplevel [6ms]
2024-04-23 22:09:16.927 [info] fatal: not a git repository (or any of the parent directories): .git
2024-04-23 22:09:16.927 [info] > git rev-parse --show-toplevel [1ms]
2024-04-23 22:09:16.927 [info] fatal: not a git repository (or any of the parent directories): .git
2024-04-23 22:09:19.035 [info] > git rev-parse --show-toplevel [3ms]
2024-04-23 22:09:19.035 [info] fatal: not a git repository (or any of the parent directories): .git
2024-04-23 22:10:03.118 [info] > git rev-parse --show-toplevel [11ms]
2024-04-23 22:10:03.118 [info] fatal: not a git repository (or any of the parent directories): .git
2024-04-23 22:10:08.652 [info] > git rev-parse --show-toplevel [1ms]
2024-04-23 22:10:08.652 [info] fatal: not a git repository (or any of the parent directories): .git
2024-04-23 22:11:05.566 [info] > git rev-parse --show-toplevel [1ms]
2024-04-23 22:11:05.566 [info] fatal: not a git repository (or any of the parent directories): .git
2024-04-23 22:11:48.822 [info] > git rev-parse --show-toplevel [1ms]
2024-04-23 22:11:48.822 [info] fatal: not a git repository (or any of the parent directories): .git
2024-04-23 22:12:48.446 [info] > git rev-parse --show-toplevel [1ms]
2024-04-23 22:12:48.446 [info] fatal: not a git repository (or any of the parent directories): .git
