2024-04-23 22:49:47.969 [info] Log level: Info
2024-04-23 22:49:47.969 [info] Validating found git in: "git"
2024-04-23 22:49:47.969 [info] Using git "2.44.0" from "git"
2024-04-23 22:49:47.969 [info] > git rev-parse --show-toplevel [12ms]
2024-04-23 22:49:47.969 [info] > git rev-parse --git-dir --git-common-dir [128ms]
2024-04-23 22:49:47.969 [info] Open repository: /home/suhui/dotfiles
2024-04-23 22:49:47.970 [info] > git rev-parse --show-toplevel [2ms]
2024-04-23 22:49:47.971 [info] > git config --get commit.template [5ms]
2024-04-23 22:49:47.980 [info] > git for-each-ref --format=%(refname)%00%(upstream:short)%00%(objectname)%00%(upstream:track)%00%(upstream:remotename)%00%(upstream:remoteref) refs/heads/master refs/remotes/master [4ms]
2024-04-23 22:49:47.983 [info] > git rev-parse --show-toplevel [9ms]
2024-04-23 22:49:47.986 [info] > git rev-parse --show-toplevel [1ms]
2024-04-23 22:49:47.989 [info] > git rev-parse --show-toplevel [1ms]
2024-04-23 22:49:47.992 [info] > git rev-parse --show-toplevel [1ms]
2024-04-23 22:49:47.996 [info] > git rev-parse --show-toplevel [1ms]
2024-04-23 22:49:48.001 [info] > git status -z -uall [17ms]
2024-04-23 22:49:48.001 [info] > git rev-parse --show-toplevel [3ms]
2024-04-23 22:49:48.336 [info] > git rev-parse --show-toplevel [333ms]
2024-04-23 22:49:48.357 [info] > git config --get commit.template [22ms]
2024-04-23 22:49:48.369 [info] > git rev-parse --show-toplevel [12ms]
2024-04-23 22:49:48.378 [info] > git for-each-ref --format=%(refname)%00%(upstream:short)%00%(objectname)%00%(upstream:track)%00%(upstream:remotename)%00%(upstream:remoteref) refs/heads/master refs/remotes/master [5ms]
2024-04-23 22:49:48.381 [info] > git rev-parse --show-toplevel [5ms]
2024-04-23 22:49:48.397 [info] > git status -z -uall [16ms]
2024-04-23 22:49:48.397 [info] > git rev-parse --show-toplevel [4ms]
2024-04-23 22:49:48.443 [info] > git rev-parse --show-toplevel [43ms]
2024-04-23 22:49:48.448 [info] > git rev-parse --show-toplevel [2ms]
2024-04-23 22:49:48.452 [info] > git rev-parse --show-toplevel [1ms]
2024-04-23 22:49:48.455 [info] > git rev-parse --show-toplevel [1ms]
2024-04-23 22:49:48.458 [info] > git rev-parse --show-toplevel [1ms]
2024-04-23 22:49:48.461 [info] > git rev-parse --show-toplevel [1ms]
2024-04-23 22:49:48.464 [info] > git rev-parse --show-toplevel [1ms]
2024-04-23 22:49:48.467 [info] > git rev-parse --show-toplevel [1ms]
2024-04-23 22:49:48.472 [info] > git rev-parse --show-toplevel [1ms]
2024-04-23 22:49:48.478 [info] > git rev-parse --show-toplevel [3ms]
2024-04-23 22:49:48.484 [info] > git rev-parse --show-toplevel [1ms]
2024-04-23 22:49:48.489 [info] > git rev-parse --show-toplevel [0ms]
2024-04-23 22:49:48.501 [info] > git rev-parse --show-toplevel [1ms]
2024-04-23 22:49:48.506 [info] > git rev-parse --show-toplevel [0ms]
2024-04-23 22:49:48.718 [info] > git rev-parse --show-toplevel [209ms]
2024-04-23 22:49:48.721 [info] > git rev-parse --show-toplevel [1ms]
2024-04-23 22:49:48.725 [info] > git rev-parse --show-toplevel [1ms]
2024-04-23 22:49:48.728 [info] > git rev-parse --show-toplevel [1ms]
2024-04-23 22:49:48.733 [info] > git rev-parse --show-toplevel [3ms]
2024-04-23 22:49:49.630 [info] > git check-ignore -v -z --stdin [83ms]
2024-04-23 22:49:49.631 [info] > git rev-parse --show-toplevel [896ms]
2024-04-23 22:49:49.641 [info] > git rev-parse --show-toplevel [7ms]
2024-04-23 22:49:49.645 [info] > git rev-parse --show-toplevel [1ms]
2024-04-23 22:49:49.648 [info] > git rev-parse --show-toplevel [1ms]
2024-04-23 22:49:49.651 [info] > git rev-parse --show-toplevel [1ms]
2024-04-23 22:49:52.738 [info] > git config --get commit.template [4ms]
2024-04-23 22:49:52.738 [info] > git for-each-ref --format=%(refname)%00%(upstream:short)%00%(objectname)%00%(upstream:track)%00%(upstream:remotename)%00%(upstream:remoteref) refs/heads/master refs/remotes/master [1ms]
2024-04-23 22:49:52.751 [info] > git status -z -uall [10ms]
2024-04-23 22:49:57.794 [info] > git config --get commit.template [7ms]
2024-04-23 22:49:57.795 [info] > git for-each-ref --format=%(refname)%00%(upstream:short)%00%(objectname)%00%(upstream:track)%00%(upstream:remotename)%00%(upstream:remoteref) refs/heads/master refs/remotes/master [3ms]
2024-04-23 22:49:57.814 [info] > git status -z -uall [11ms]
2024-04-23 22:50:02.850 [info] > git config --get commit.template [2ms]
2024-04-23 22:50:02.851 [info] > git for-each-ref --format=%(refname)%00%(upstream:short)%00%(objectname)%00%(upstream:track)%00%(upstream:remotename)%00%(upstream:remoteref) refs/heads/master refs/remotes/master [1ms]
2024-04-23 22:50:02.863 [info] > git status -z -uall [10ms]
2024-04-23 22:50:07.896 [info] > git config --get commit.template [3ms]
2024-04-23 22:50:07.897 [info] > git for-each-ref --format=%(refname)%00%(upstream:short)%00%(objectname)%00%(upstream:track)%00%(upstream:remotename)%00%(upstream:remoteref) refs/heads/master refs/remotes/master [1ms]
2024-04-23 22:50:07.908 [info] > git status -z -uall [9ms]
2024-04-23 22:50:12.940 [info] > git config --get commit.template [3ms]
2024-04-23 22:50:12.940 [info] > git for-each-ref --format=%(refname)%00%(upstream:short)%00%(objectname)%00%(upstream:track)%00%(upstream:remotename)%00%(upstream:remoteref) refs/heads/master refs/remotes/master [0ms]
2024-04-23 22:50:12.953 [info] > git status -z -uall [9ms]
2024-04-23 22:50:17.997 [info] > git config --get commit.template [11ms]
2024-04-23 22:50:17.999 [info] > git for-each-ref --format=%(refname)%00%(upstream:short)%00%(objectname)%00%(upstream:track)%00%(upstream:remotename)%00%(upstream:remoteref) refs/heads/master refs/remotes/master [3ms]
2024-04-23 22:50:18.037 [info] > git status -z -uall [29ms]
2024-04-23 22:50:23.085 [info] > git config --get commit.template [3ms]
2024-04-23 22:50:23.086 [info] > git for-each-ref --format=%(refname)%00%(upstream:short)%00%(objectname)%00%(upstream:track)%00%(upstream:remotename)%00%(upstream:remoteref) refs/heads/master refs/remotes/master [1ms]
2024-04-23 22:50:23.098 [info] > git status -z -uall [10ms]
2024-04-23 22:50:28.133 [info] > git config --get commit.template [3ms]
2024-04-23 22:50:28.133 [info] > git for-each-ref --format=%(refname)%00%(upstream:short)%00%(objectname)%00%(upstream:track)%00%(upstream:remotename)%00%(upstream:remoteref) refs/heads/master refs/remotes/master [0ms]
2024-04-23 22:50:28.145 [info] > git status -z -uall [9ms]
2024-04-23 22:50:33.178 [info] > git config --get commit.template [3ms]
2024-04-23 22:50:33.178 [info] > git for-each-ref --format=%(refname)%00%(upstream:short)%00%(objectname)%00%(upstream:track)%00%(upstream:remotename)%00%(upstream:remoteref) refs/heads/master refs/remotes/master [0ms]
2024-04-23 22:50:33.190 [info] > git status -z -uall [9ms]
2024-04-23 22:50:38.223 [info] > git config --get commit.template [3ms]
2024-04-23 22:50:38.224 [info] > git for-each-ref --format=%(refname)%00%(upstream:short)%00%(objectname)%00%(upstream:track)%00%(upstream:remotename)%00%(upstream:remoteref) refs/heads/master refs/remotes/master [1ms]
2024-04-23 22:50:38.235 [info] > git status -z -uall [9ms]
2024-04-23 22:50:43.269 [info] > git config --get commit.template [3ms]
2024-04-23 22:50:43.270 [info] > git for-each-ref --format=%(refname)%00%(upstream:short)%00%(objectname)%00%(upstream:track)%00%(upstream:remotename)%00%(upstream:remoteref) refs/heads/master refs/remotes/master [0ms]
2024-04-23 22:50:43.290 [info] > git status -z -uall [13ms]
2024-04-23 22:50:48.324 [info] > git config --get commit.template [3ms]
2024-04-23 22:50:48.324 [info] > git for-each-ref --format=%(refname)%00%(upstream:short)%00%(objectname)%00%(upstream:track)%00%(upstream:remotename)%00%(upstream:remoteref) refs/heads/master refs/remotes/master [1ms]
2024-04-23 22:50:48.336 [info] > git status -z -uall [10ms]
2024-04-23 22:50:53.370 [info] > git config --get commit.template [3ms]
2024-04-23 22:50:53.370 [info] > git for-each-ref --format=%(refname)%00%(upstream:short)%00%(objectname)%00%(upstream:track)%00%(upstream:remotename)%00%(upstream:remoteref) refs/heads/master refs/remotes/master [1ms]
2024-04-23 22:50:53.381 [info] > git status -z -uall [9ms]
2024-04-23 22:50:58.414 [info] > git config --get commit.template [2ms]
2024-04-23 22:50:58.414 [info] > git for-each-ref --format=%(refname)%00%(upstream:short)%00%(objectname)%00%(upstream:track)%00%(upstream:remotename)%00%(upstream:remoteref) refs/heads/master refs/remotes/master [1ms]
2024-04-23 22:50:58.426 [info] > git status -z -uall [10ms]
2024-04-23 22:51:03.456 [info] > git config --get commit.template [3ms]
2024-04-23 22:51:03.457 [info] > git for-each-ref --format=%(refname)%00%(upstream:short)%00%(objectname)%00%(upstream:track)%00%(upstream:remotename)%00%(upstream:remoteref) refs/heads/master refs/remotes/master [1ms]
2024-04-23 22:51:03.469 [info] > git status -z -uall [10ms]
2024-04-23 22:51:08.506 [info] > git config --get commit.template [3ms]
2024-04-23 22:51:08.507 [info] > git for-each-ref --format=%(refname)%00%(upstream:short)%00%(objectname)%00%(upstream:track)%00%(upstream:remotename)%00%(upstream:remoteref) refs/heads/master refs/remotes/master [1ms]
2024-04-23 22:51:08.519 [info] > git status -z -uall [10ms]
2024-04-23 22:51:13.552 [info] > git config --get commit.template [3ms]
2024-04-23 22:51:13.552 [info] > git for-each-ref --format=%(refname)%00%(upstream:short)%00%(objectname)%00%(upstream:track)%00%(upstream:remotename)%00%(upstream:remoteref) refs/heads/master refs/remotes/master [1ms]
2024-04-23 22:51:13.564 [info] > git status -z -uall [9ms]
2024-04-23 22:51:18.598 [info] > git config --get commit.template [4ms]
2024-04-23 22:51:18.598 [info] > git for-each-ref --format=%(refname)%00%(upstream:short)%00%(objectname)%00%(upstream:track)%00%(upstream:remotename)%00%(upstream:remoteref) refs/heads/master refs/remotes/master [1ms]
2024-04-23 22:51:18.611 [info] > git status -z -uall [11ms]
2024-04-23 22:51:23.647 [info] > git config --get commit.template [3ms]
2024-04-23 22:51:23.647 [info] > git for-each-ref --format=%(refname)%00%(upstream:short)%00%(objectname)%00%(upstream:track)%00%(upstream:remotename)%00%(upstream:remoteref) refs/heads/master refs/remotes/master [1ms]
2024-04-23 22:51:23.660 [info] > git status -z -uall [11ms]
2024-04-23 22:51:28.697 [info] > git config --get commit.template [3ms]
2024-04-23 22:51:28.697 [info] > git for-each-ref --format=%(refname)%00%(upstream:short)%00%(objectname)%00%(upstream:track)%00%(upstream:remotename)%00%(upstream:remoteref) refs/heads/master refs/remotes/master [1ms]
2024-04-23 22:51:28.710 [info] > git status -z -uall [9ms]
2024-04-23 22:51:33.742 [info] > git config --get commit.template [3ms]
2024-04-23 22:51:33.743 [info] > git for-each-ref --format=%(refname)%00%(upstream:short)%00%(objectname)%00%(upstream:track)%00%(upstream:remotename)%00%(upstream:remoteref) refs/heads/master refs/remotes/master [0ms]
2024-04-23 22:51:33.755 [info] > git status -z -uall [10ms]
2024-04-23 22:51:38.798 [info] > git config --get commit.template [2ms]
2024-04-23 22:51:38.802 [info] > git for-each-ref --format=%(refname)%00%(upstream:short)%00%(objectname)%00%(upstream:track)%00%(upstream:remotename)%00%(upstream:remoteref) refs/heads/master refs/remotes/master [1ms]
2024-04-23 22:51:38.817 [info] > git status -z -uall [12ms]
2024-04-23 22:51:43.870 [info] > git config --get commit.template [3ms]
2024-04-23 22:51:43.870 [info] > git for-each-ref --format=%(refname)%00%(upstream:short)%00%(objectname)%00%(upstream:track)%00%(upstream:remotename)%00%(upstream:remoteref) refs/heads/master refs/remotes/master [0ms]
2024-04-23 22:51:43.883 [info] > git status -z -uall [10ms]
2024-04-23 22:51:48.922 [info] > git config --get commit.template [3ms]
2024-04-23 22:51:48.922 [info] > git for-each-ref --format=%(refname)%00%(upstream:short)%00%(objectname)%00%(upstream:track)%00%(upstream:remotename)%00%(upstream:remoteref) refs/heads/master refs/remotes/master [1ms]
2024-04-23 22:51:48.934 [info] > git status -z -uall [10ms]
2024-04-23 22:51:53.969 [info] > git config --get commit.template [3ms]
2024-04-23 22:51:53.969 [info] > git for-each-ref --format=%(refname)%00%(upstream:short)%00%(objectname)%00%(upstream:track)%00%(upstream:remotename)%00%(upstream:remoteref) refs/heads/master refs/remotes/master [0ms]
2024-04-23 22:51:53.982 [info] > git status -z -uall [10ms]
2024-04-23 22:51:59.016 [info] > git config --get commit.template [3ms]
2024-04-23 22:51:59.016 [info] > git for-each-ref --format=%(refname)%00%(upstream:short)%00%(objectname)%00%(upstream:track)%00%(upstream:remotename)%00%(upstream:remoteref) refs/heads/master refs/remotes/master [0ms]
2024-04-23 22:51:59.029 [info] > git status -z -uall [10ms]
2024-04-23 22:52:04.064 [info] > git config --get commit.template [3ms]
2024-04-23 22:52:04.064 [info] > git for-each-ref --format=%(refname)%00%(upstream:short)%00%(objectname)%00%(upstream:track)%00%(upstream:remotename)%00%(upstream:remoteref) refs/heads/master refs/remotes/master [1ms]
2024-04-23 22:52:04.076 [info] > git status -z -uall [10ms]
2024-04-23 22:52:09.118 [info] > git config --get commit.template [3ms]
2024-04-23 22:52:09.118 [info] > git for-each-ref --format=%(refname)%00%(upstream:short)%00%(objectname)%00%(upstream:track)%00%(upstream:remotename)%00%(upstream:remoteref) refs/heads/master refs/remotes/master [1ms]
2024-04-23 22:52:09.130 [info] > git status -z -uall [10ms]
2024-04-23 22:52:27.452 [info] > git config --get commit.template [4ms]
2024-04-23 22:52:27.452 [info] > git for-each-ref --format=%(refname)%00%(upstream:short)%00%(objectname)%00%(upstream:track)%00%(upstream:remotename)%00%(upstream:remoteref) refs/heads/master refs/remotes/master [0ms]
2024-04-23 22:52:27.467 [info] > git status -z -uall [10ms]
2024-04-23 22:52:34.948 [info] > git config --get commit.template [4ms]
2024-04-23 22:52:34.949 [info] > git for-each-ref --format=%(refname)%00%(upstream:short)%00%(objectname)%00%(upstream:track)%00%(upstream:remotename)%00%(upstream:remoteref) refs/heads/master refs/remotes/master [1ms]
2024-04-23 22:52:34.961 [info] > git status -z -uall [10ms]
2024-04-23 22:52:58.781 [info] > git config --get commit.template [1ms]
2024-04-23 22:52:58.786 [info] > git for-each-ref --format=%(refname)%00%(upstream:short)%00%(objectname)%00%(upstream:track)%00%(upstream:remotename)%00%(upstream:remoteref) refs/heads/master refs/remotes/master [0ms]
2024-04-23 22:52:58.799 [info] > git status -z -uall [11ms]
2024-04-23 22:53:03.845 [info] > git config --get commit.template [3ms]
2024-04-23 22:53:03.845 [info] > git for-each-ref --format=%(refname)%00%(upstream:short)%00%(objectname)%00%(upstream:track)%00%(upstream:remotename)%00%(upstream:remoteref) refs/heads/master refs/remotes/master [1ms]
2024-04-23 22:53:03.859 [info] > git status -z -uall [11ms]
2024-04-23 22:53:08.899 [info] > git config --get commit.template [3ms]
2024-04-23 22:53:08.900 [info] > git for-each-ref --format=%(refname)%00%(upstream:short)%00%(objectname)%00%(upstream:track)%00%(upstream:remotename)%00%(upstream:remoteref) refs/heads/master refs/remotes/master [1ms]
2024-04-23 22:53:08.914 [info] > git status -z -uall [11ms]
2024-04-23 22:53:11.481 [info] > git check-ignore -v -z --stdin [3ms]
2024-04-23 22:53:13.950 [info] > git config --get commit.template [3ms]
2024-04-23 22:53:13.950 [info] > git for-each-ref --format=%(refname)%00%(upstream:short)%00%(objectname)%00%(upstream:track)%00%(upstream:remotename)%00%(upstream:remoteref) refs/heads/master refs/remotes/master [1ms]
2024-04-23 22:53:13.962 [info] > git status -z -uall [10ms]
2024-04-23 22:54:15.131 [info] > git config --get commit.template [5ms]
2024-04-23 22:54:15.131 [info] > git for-each-ref --format=%(refname)%00%(upstream:short)%00%(objectname)%00%(upstream:track)%00%(upstream:remotename)%00%(upstream:remoteref) refs/heads/master refs/remotes/master [1ms]
2024-04-23 22:54:15.145 [info] > git status -z -uall [11ms]
2024-04-23 22:56:08.394 [info] > git config --get commit.template [5ms]
2024-04-23 22:56:08.395 [info] > git for-each-ref --format=%(refname)%00%(upstream:short)%00%(objectname)%00%(upstream:track)%00%(upstream:remotename)%00%(upstream:remoteref) refs/heads/master refs/remotes/master [1ms]
2024-04-23 22:56:08.410 [info] > git status -z -uall [11ms]
2024-04-23 22:56:16.059 [info] > git config --get commit.template [1ms]
2024-04-23 22:56:16.063 [info] > git for-each-ref --format=%(refname)%00%(upstream:short)%00%(objectname)%00%(upstream:track)%00%(upstream:remotename)%00%(upstream:remoteref) refs/heads/master refs/remotes/master [1ms]
2024-04-23 22:56:16.076 [info] > git status -z -uall [10ms]
2024-04-23 22:56:21.122 [info] > git config --get commit.template [8ms]
2024-04-23 22:56:21.123 [info] > git for-each-ref --format=%(refname)%00%(upstream:short)%00%(objectname)%00%(upstream:track)%00%(upstream:remotename)%00%(upstream:remoteref) refs/heads/master refs/remotes/master [2ms]
2024-04-23 22:56:21.154 [info] > git status -z -uall [24ms]
2024-04-23 22:56:26.214 [info] > git config --get commit.template [11ms]
2024-04-23 22:56:26.216 [info] > git for-each-ref --format=%(refname)%00%(upstream:short)%00%(objectname)%00%(upstream:track)%00%(upstream:remotename)%00%(upstream:remoteref) refs/heads/master refs/remotes/master [3ms]
2024-04-23 22:56:26.254 [info] > git status -z -uall [30ms]
2024-04-23 22:56:31.303 [info] > git config --get commit.template [3ms]
2024-04-23 22:56:31.303 [info] > git for-each-ref --format=%(refname)%00%(upstream:short)%00%(objectname)%00%(upstream:track)%00%(upstream:remotename)%00%(upstream:remoteref) refs/heads/master refs/remotes/master [0ms]
2024-04-23 22:56:31.317 [info] > git status -z -uall [11ms]
2024-04-23 22:56:36.357 [info] > git config --get commit.template [3ms]
2024-04-23 22:56:36.357 [info] > git for-each-ref --format=%(refname)%00%(upstream:short)%00%(objectname)%00%(upstream:track)%00%(upstream:remotename)%00%(upstream:remoteref) refs/heads/master refs/remotes/master [1ms]
2024-04-23 22:56:36.370 [info] > git status -z -uall [10ms]
2024-04-23 22:56:41.403 [info] > git config --get commit.template [4ms]
2024-04-23 22:56:41.403 [info] > git for-each-ref --format=%(refname)%00%(upstream:short)%00%(objectname)%00%(upstream:track)%00%(upstream:remotename)%00%(upstream:remoteref) refs/heads/master refs/remotes/master [1ms]
2024-04-23 22:56:41.415 [info] > git status -z -uall [10ms]
2024-04-23 22:56:46.450 [info] > git config --get commit.template [3ms]
2024-04-23 22:56:46.450 [info] > git for-each-ref --format=%(refname)%00%(upstream:short)%00%(objectname)%00%(upstream:track)%00%(upstream:remotename)%00%(upstream:remoteref) refs/heads/master refs/remotes/master [1ms]
2024-04-23 22:56:46.462 [info] > git status -z -uall [9ms]
2024-04-23 22:56:51.501 [info] > git config --get commit.template [3ms]
2024-04-23 22:56:51.501 [info] > git for-each-ref --format=%(refname)%00%(upstream:short)%00%(objectname)%00%(upstream:track)%00%(upstream:remotename)%00%(upstream:remoteref) refs/heads/master refs/remotes/master [0ms]
2024-04-23 22:56:51.514 [info] > git status -z -uall [10ms]
2024-04-23 22:56:56.548 [info] > git config --get commit.template [3ms]
2024-04-23 22:56:56.549 [info] > git for-each-ref --format=%(refname)%00%(upstream:short)%00%(objectname)%00%(upstream:track)%00%(upstream:remotename)%00%(upstream:remoteref) refs/heads/master refs/remotes/master [1ms]
2024-04-23 22:56:56.562 [info] > git status -z -uall [10ms]
2024-04-23 22:57:01.597 [info] > git config --get commit.template [3ms]
2024-04-23 22:57:01.597 [info] > git for-each-ref --format=%(refname)%00%(upstream:short)%00%(objectname)%00%(upstream:track)%00%(upstream:remotename)%00%(upstream:remoteref) refs/heads/master refs/remotes/master [1ms]
2024-04-23 22:57:01.611 [info] > git status -z -uall [10ms]
2024-04-23 22:57:06.644 [info] > git config --get commit.template [3ms]
2024-04-23 22:57:06.644 [info] > git for-each-ref --format=%(refname)%00%(upstream:short)%00%(objectname)%00%(upstream:track)%00%(upstream:remotename)%00%(upstream:remoteref) refs/heads/master refs/remotes/master [1ms]
2024-04-23 22:57:06.656 [info] > git status -z -uall [9ms]
2024-04-23 22:57:11.692 [info] > git config --get commit.template [4ms]
2024-04-23 22:57:11.692 [info] > git for-each-ref --format=%(refname)%00%(upstream:short)%00%(objectname)%00%(upstream:track)%00%(upstream:remotename)%00%(upstream:remoteref) refs/heads/master refs/remotes/master [1ms]
2024-04-23 22:57:11.705 [info] > git status -z -uall [10ms]
2024-04-23 22:57:16.740 [info] > git config --get commit.template [3ms]
2024-04-23 22:57:16.741 [info] > git for-each-ref --format=%(refname)%00%(upstream:short)%00%(objectname)%00%(upstream:track)%00%(upstream:remotename)%00%(upstream:remoteref) refs/heads/master refs/remotes/master [1ms]
2024-04-23 22:57:16.753 [info] > git status -z -uall [10ms]
2024-04-23 22:57:21.787 [info] > git config --get commit.template [3ms]
2024-04-23 22:57:21.787 [info] > git for-each-ref --format=%(refname)%00%(upstream:short)%00%(objectname)%00%(upstream:track)%00%(upstream:remotename)%00%(upstream:remoteref) refs/heads/master refs/remotes/master [1ms]
2024-04-23 22:57:21.801 [info] > git status -z -uall [11ms]
2024-04-23 22:57:26.846 [info] > git config --get commit.template [3ms]
2024-04-23 22:57:26.846 [info] > git for-each-ref --format=%(refname)%00%(upstream:short)%00%(objectname)%00%(upstream:track)%00%(upstream:remotename)%00%(upstream:remoteref) refs/heads/master refs/remotes/master [0ms]
2024-04-23 22:57:26.859 [info] > git status -z -uall [10ms]
2024-04-23 22:57:31.895 [info] > git config --get commit.template [4ms]
2024-04-23 22:57:31.895 [info] > git for-each-ref --format=%(refname)%00%(upstream:short)%00%(objectname)%00%(upstream:track)%00%(upstream:remotename)%00%(upstream:remoteref) refs/heads/master refs/remotes/master [1ms]
2024-04-23 22:57:31.908 [info] > git status -z -uall [10ms]
2024-04-23 22:57:36.943 [info] > git config --get commit.template [3ms]
2024-04-23 22:57:36.943 [info] > git for-each-ref --format=%(refname)%00%(upstream:short)%00%(objectname)%00%(upstream:track)%00%(upstream:remotename)%00%(upstream:remoteref) refs/heads/master refs/remotes/master [0ms]
2024-04-23 22:57:36.956 [info] > git status -z -uall [10ms]
2024-04-23 22:57:41.994 [info] > git config --get commit.template [3ms]
2024-04-23 22:57:41.995 [info] > git for-each-ref --format=%(refname)%00%(upstream:short)%00%(objectname)%00%(upstream:track)%00%(upstream:remotename)%00%(upstream:remoteref) refs/heads/master refs/remotes/master [1ms]
2024-04-23 22:57:42.007 [info] > git status -z -uall [10ms]
2024-04-23 23:01:53.580 [info] > git config --get commit.template [4ms]
2024-04-23 23:01:53.580 [info] > git for-each-ref --format=%(refname)%00%(upstream:short)%00%(objectname)%00%(upstream:track)%00%(upstream:remotename)%00%(upstream:remoteref) refs/heads/master refs/remotes/master [0ms]
2024-04-23 23:01:53.595 [info] > git status -z -uall [11ms]
2024-04-23 23:02:07.129 [info] > git config --get commit.template [7ms]
2024-04-23 23:02:07.129 [info] > git for-each-ref --format=%(refname)%00%(upstream:short)%00%(objectname)%00%(upstream:track)%00%(upstream:remotename)%00%(upstream:remoteref) refs/heads/master refs/remotes/master [1ms]
2024-04-23 23:02:07.144 [info] > git status -z -uall [10ms]
2024-04-23 23:02:39.100 [info] > git config --get commit.template [1ms]
2024-04-23 23:02:39.105 [info] > git for-each-ref --format=%(refname)%00%(upstream:short)%00%(objectname)%00%(upstream:track)%00%(upstream:remotename)%00%(upstream:remoteref) refs/heads/master refs/remotes/master [1ms]
2024-04-23 23:02:39.120 [info] > git status -z -uall [10ms]
2024-04-23 23:03:05.304 [info] > git config --get commit.template [6ms]
2024-04-23 23:03:05.305 [info] > git for-each-ref --format=%(refname)%00%(upstream:short)%00%(objectname)%00%(upstream:track)%00%(upstream:remotename)%00%(upstream:remoteref) refs/heads/master refs/remotes/master [2ms]
2024-04-23 23:03:05.319 [info] > git status -z -uall [11ms]
2024-04-23 23:03:11.199 [info] > git config --get commit.template [5ms]
2024-04-23 23:03:11.199 [info] > git for-each-ref --format=%(refname)%00%(upstream:short)%00%(objectname)%00%(upstream:track)%00%(upstream:remotename)%00%(upstream:remoteref) refs/heads/master refs/remotes/master [1ms]
2024-04-23 23:03:11.216 [info] > git status -z -uall [12ms]
