2024-04-23 22:15:23.495 [info] Reading sessions from keychain...
2024-04-23 22:15:23.495 [info] Getting sessions for all scopes...
2024-04-23 22:15:23.495 [info] Getting sessions for all scopes...
2024-04-23 22:15:23.495 [info] Got stored sessions!
2024-04-23 22:15:23.495 [info] Got 1 verified sessions.
2024-04-23 22:15:23.495 [info] Got 1 sessions for ...
2024-04-23 22:15:23.495 [info] Got 1 sessions for ...
2024-04-23 22:15:23.495 [info] Getting sessions for read:user,repo,user:email,workflow...
2024-04-23 22:15:23.495 [info] Got 0 sessions for read:user,repo,user:email,workflow...
2024-04-23 22:15:23.495 [info] Getting sessions for read:user,repo,user:email,workflow...
2024-04-23 22:15:23.495 [info] Got 0 sessions for read:user,repo,user:email,workflow...
2024-04-23 22:15:23.506 [info] Getting sessions for read:user...
2024-04-23 22:15:23.506 [info] Got 0 sessions for read:user...
2024-04-23 22:15:23.512 [info] Getting sessions for user:email...
2024-04-23 22:15:23.512 [info] Got 1 sessions for user:email...
2024-04-23 22:15:26.235 [info] Getting sessions for read:user,repo,user:email,workflow...
2024-04-23 22:15:26.235 [info] Got 0 sessions for read:user,repo,user:email,workflow...
2024-04-23 22:15:26.248 [info] Getting sessions for read:user...
2024-04-23 22:15:26.248 [info] Got 0 sessions for read:user...
2024-04-23 22:15:26.252 [info] Getting sessions for user:email...
2024-04-23 22:15:26.252 [info] Got 1 sessions for user:email...
2024-04-23 22:15:27.663 [info] Getting sessions for read:user,repo,user:email,workflow...
2024-04-23 22:15:27.663 [info] Got 0 sessions for read:user,repo,user:email,workflow...
2024-04-23 22:15:27.664 [info] Getting sessions for read:user...
2024-04-23 22:15:27.664 [info] Got 0 sessions for read:user...
2024-04-23 22:15:27.664 [info] Getting sessions for user:email...
2024-04-23 22:15:27.664 [info] Got 1 sessions for user:email...
2024-04-23 22:15:27.668 [info] Getting sessions for all scopes...
2024-04-23 22:15:27.668 [info] Got 1 sessions for ...
2024-04-23 22:15:27.668 [info] Getting sessions for read:user,repo,user:email,workflow...
2024-04-23 22:15:27.668 [info] Got 0 sessions for read:user,repo,user:email,workflow...
2024-04-23 22:15:27.669 [info] Getting sessions for read:user...
2024-04-23 22:15:27.669 [info] Got 0 sessions for read:user...
2024-04-23 22:15:27.670 [info] Getting sessions for user:email...
2024-04-23 22:15:27.670 [info] Got 1 sessions for user:email...
