2024-04-23 22:15:23.355 [info] Log level: Info
2024-04-23 22:15:23.355 [info] Validating found git in: "git"
2024-04-23 22:15:23.355 [info] Using git "2.44.0" from "git"
2024-04-23 22:15:23.355 [info] > git rev-parse --show-toplevel [5ms]
2024-04-23 22:15:23.355 [info] > git rev-parse --git-dir --git-common-dir [166ms]
2024-04-23 22:15:23.355 [info] Open repository: /home/suhui/dotfiles
2024-04-23 22:15:23.355 [info] > git rev-parse --show-toplevel [11ms]
2024-04-23 22:15:23.355 [info] > git config --get commit.template [15ms]
2024-04-23 22:15:23.371 [info] > git rev-parse --show-toplevel [12ms]
2024-04-23 22:15:23.385 [info] > git for-each-ref --format=%(refname)%00%(upstream:short)%00%(objectname)%00%(upstream:track)%00%(upstream:remotename)%00%(upstream:remoteref) refs/heads/master refs/remotes/master [21ms]
2024-04-23 22:15:23.397 [info] > git rev-parse --show-toplevel [13ms]
2024-04-23 22:15:23.411 [info] > git status -z -uall [22ms]
2024-04-23 22:15:23.411 [info] > git rev-parse --show-toplevel [4ms]
2024-04-23 22:15:23.488 [info] > git config --get commit.template [2ms]
2024-04-23 22:15:23.488 [info] > git rev-parse --show-toplevel [6ms]
2024-04-23 22:15:23.499 [info] > git rev-parse --show-toplevel [4ms]
2024-04-23 22:15:23.503 [info] > git for-each-ref --format=%(refname)%00%(upstream:short)%00%(objectname)%00%(upstream:track)%00%(upstream:remotename)%00%(upstream:remoteref) refs/heads/master refs/remotes/master [5ms]
2024-04-23 22:15:23.507 [info] > git rev-parse --show-toplevel [4ms]
2024-04-23 22:15:23.512 [info] > git rev-parse --show-toplevel [1ms]
2024-04-23 22:15:23.519 [info] > git status -z -uall [13ms]
2024-04-23 22:15:23.519 [info] > git rev-parse --show-toplevel [3ms]
2024-04-23 22:15:23.563 [info] > git rev-parse --show-toplevel [41ms]
2024-04-23 22:15:23.570 [info] > git rev-parse --show-toplevel [2ms]
2024-04-23 22:15:24.790 [info] > git check-ignore -v -z --stdin [3ms]
2024-04-23 22:15:24.791 [info] > git rev-parse --show-toplevel [1217ms]
2024-04-23 22:15:24.831 [info] > git rev-parse --show-toplevel [4ms]
2024-04-23 22:15:24.836 [info] > git rev-parse --show-toplevel [2ms]
2024-04-23 22:15:24.846 [info] > git rev-parse --show-toplevel [4ms]
2024-04-23 22:15:24.850 [info] > git rev-parse --show-toplevel [0ms]
2024-04-23 22:15:24.854 [info] > git rev-parse --show-toplevel [1ms]
2024-04-23 22:15:24.858 [info] > git rev-parse --show-toplevel [1ms]
2024-04-23 22:15:24.861 [info] > git rev-parse --show-toplevel [0ms]
2024-04-23 22:15:24.865 [info] > git rev-parse --show-toplevel [1ms]
2024-04-23 22:15:24.868 [info] > git rev-parse --show-toplevel [0ms]
2024-04-23 22:15:24.871 [info] > git rev-parse --show-toplevel [0ms]
2024-04-23 22:15:24.874 [info] > git rev-parse --show-toplevel [0ms]
2024-04-23 22:15:24.879 [info] > git rev-parse --show-toplevel [2ms]
2024-04-23 22:15:24.890 [info] > git rev-parse --show-toplevel [8ms]
2024-04-23 22:15:24.893 [info] > git rev-parse --show-toplevel [1ms]
2024-04-23 22:15:24.897 [info] > git rev-parse --show-toplevel [0ms]
2024-04-23 22:15:24.899 [info] > git rev-parse --show-toplevel [0ms]
2024-04-23 22:15:24.902 [info] > git rev-parse --show-toplevel [0ms]
2024-04-23 22:15:24.905 [info] > git rev-parse --show-toplevel [1ms]
2024-04-23 22:15:24.907 [info] > git rev-parse --show-toplevel [0ms]
2024-04-23 22:15:24.910 [info] > git rev-parse --show-toplevel [1ms]
2024-04-23 22:15:24.913 [info] > git rev-parse --show-toplevel [0ms]
2024-04-23 22:15:30.023 [info] > git config --get commit.template [12ms]
2024-04-23 22:15:30.024 [info] > git for-each-ref --format=%(refname)%00%(upstream:short)%00%(objectname)%00%(upstream:track)%00%(upstream:remotename)%00%(upstream:remoteref) refs/heads/master refs/remotes/master [3ms]
2024-04-23 22:15:30.060 [info] > git status -z -uall [27ms]
2024-04-23 22:15:35.121 [info] > git config --get commit.template [12ms]
2024-04-23 22:15:35.122 [info] > git for-each-ref --format=%(refname)%00%(upstream:short)%00%(objectname)%00%(upstream:track)%00%(upstream:remotename)%00%(upstream:remoteref) refs/heads/master refs/remotes/master [3ms]
2024-04-23 22:15:35.158 [info] > git status -z -uall [26ms]
2024-04-23 22:15:40.223 [info] > git config --get commit.template [11ms]
2024-04-23 22:15:40.224 [info] > git for-each-ref --format=%(refname)%00%(upstream:short)%00%(objectname)%00%(upstream:track)%00%(upstream:remotename)%00%(upstream:remoteref) refs/heads/master refs/remotes/master [3ms]
2024-04-23 22:15:40.264 [info] > git status -z -uall [31ms]
2024-04-23 22:15:45.316 [info] > git config --get commit.template [3ms]
2024-04-23 22:15:45.317 [info] > git for-each-ref --format=%(refname)%00%(upstream:short)%00%(objectname)%00%(upstream:track)%00%(upstream:remotename)%00%(upstream:remoteref) refs/heads/master refs/remotes/master [1ms]
2024-04-23 22:15:45.331 [info] > git status -z -uall [11ms]
2024-04-23 22:15:50.385 [info] > git config --get commit.template [13ms]
2024-04-23 22:15:50.386 [info] > git for-each-ref --format=%(refname)%00%(upstream:short)%00%(objectname)%00%(upstream:track)%00%(upstream:remotename)%00%(upstream:remoteref) refs/heads/master refs/remotes/master [3ms]
2024-04-23 22:15:50.427 [info] > git status -z -uall [31ms]
2024-04-23 22:15:55.490 [info] > git config --get commit.template [11ms]
2024-04-23 22:15:55.492 [info] > git for-each-ref --format=%(refname)%00%(upstream:short)%00%(objectname)%00%(upstream:track)%00%(upstream:remotename)%00%(upstream:remoteref) refs/heads/master refs/remotes/master [4ms]
2024-04-23 22:15:55.530 [info] > git status -z -uall [29ms]
2024-04-23 22:16:00.578 [info] > git config --get commit.template [4ms]
2024-04-23 22:16:00.578 [info] > git for-each-ref --format=%(refname)%00%(upstream:short)%00%(objectname)%00%(upstream:track)%00%(upstream:remotename)%00%(upstream:remoteref) refs/heads/master refs/remotes/master [1ms]
2024-04-23 22:16:00.590 [info] > git status -z -uall [10ms]
2024-04-23 22:16:05.628 [info] > git config --get commit.template [3ms]
2024-04-23 22:16:05.629 [info] > git for-each-ref --format=%(refname)%00%(upstream:short)%00%(objectname)%00%(upstream:track)%00%(upstream:remotename)%00%(upstream:remoteref) refs/heads/master refs/remotes/master [1ms]
2024-04-23 22:16:05.641 [info] > git status -z -uall [10ms]
2024-04-23 22:16:10.678 [info] > git config --get commit.template [3ms]
2024-04-23 22:16:10.678 [info] > git for-each-ref --format=%(refname)%00%(upstream:short)%00%(objectname)%00%(upstream:track)%00%(upstream:remotename)%00%(upstream:remoteref) refs/heads/master refs/remotes/master [0ms]
2024-04-23 22:16:10.691 [info] > git status -z -uall [10ms]
2024-04-23 22:16:15.740 [info] > git config --get commit.template [12ms]
2024-04-23 22:16:15.743 [info] > git for-each-ref --format=%(refname)%00%(upstream:short)%00%(objectname)%00%(upstream:track)%00%(upstream:remotename)%00%(upstream:remoteref) refs/heads/master refs/remotes/master [3ms]
2024-04-23 22:16:15.781 [info] > git status -z -uall [28ms]
2024-04-23 22:16:20.842 [info] > git config --get commit.template [12ms]
2024-04-23 22:16:20.844 [info] > git for-each-ref --format=%(refname)%00%(upstream:short)%00%(objectname)%00%(upstream:track)%00%(upstream:remotename)%00%(upstream:remoteref) refs/heads/master refs/remotes/master [2ms]
2024-04-23 22:16:20.881 [info] > git status -z -uall [28ms]
2024-04-23 22:16:25.952 [info] > git config --get commit.template [13ms]
2024-04-23 22:16:25.954 [info] > git for-each-ref --format=%(refname)%00%(upstream:short)%00%(objectname)%00%(upstream:track)%00%(upstream:remotename)%00%(upstream:remoteref) refs/heads/master refs/remotes/master [4ms]
2024-04-23 22:16:25.994 [info] > git status -z -uall [29ms]
2024-04-23 22:16:31.035 [info] > git config --get commit.template [3ms]
2024-04-23 22:16:31.036 [info] > git for-each-ref --format=%(refname)%00%(upstream:short)%00%(objectname)%00%(upstream:track)%00%(upstream:remotename)%00%(upstream:remoteref) refs/heads/master refs/remotes/master [0ms]
2024-04-23 22:16:31.048 [info] > git status -z -uall [10ms]
2024-04-23 22:16:38.151 [info] > git config --get commit.template [4ms]
2024-04-23 22:16:38.151 [info] > git for-each-ref --format=%(refname)%00%(upstream:short)%00%(objectname)%00%(upstream:track)%00%(upstream:remotename)%00%(upstream:remoteref) refs/heads/master refs/remotes/master [1ms]
2024-04-23 22:16:38.164 [info] > git status -z -uall [10ms]
2024-04-23 22:16:48.653 [info] > git config --get commit.template [12ms]
2024-04-23 22:16:48.654 [info] > git for-each-ref --format=%(refname)%00%(upstream:short)%00%(objectname)%00%(upstream:track)%00%(upstream:remotename)%00%(upstream:remoteref) refs/heads/master refs/remotes/master [3ms]
2024-04-23 22:16:48.691 [info] > git status -z -uall [26ms]
2024-04-23 22:16:53.729 [info] > git config --get commit.template [4ms]
2024-04-23 22:16:53.730 [info] > git for-each-ref --format=%(refname)%00%(upstream:short)%00%(objectname)%00%(upstream:track)%00%(upstream:remotename)%00%(upstream:remoteref) refs/heads/master refs/remotes/master [1ms]
2024-04-23 22:16:53.744 [info] > git status -z -uall [10ms]
2024-04-23 22:16:58.786 [info] > git config --get commit.template [3ms]
2024-04-23 22:16:58.786 [info] > git for-each-ref --format=%(refname)%00%(upstream:short)%00%(objectname)%00%(upstream:track)%00%(upstream:remotename)%00%(upstream:remoteref) refs/heads/master refs/remotes/master [1ms]
2024-04-23 22:16:58.799 [info] > git status -z -uall [11ms]
2024-04-23 22:17:05.830 [info] > git config --get commit.template [3ms]
2024-04-23 22:17:05.831 [info] > git for-each-ref --format=%(refname)%00%(upstream:short)%00%(objectname)%00%(upstream:track)%00%(upstream:remotename)%00%(upstream:remoteref) refs/heads/master refs/remotes/master [1ms]
2024-04-23 22:17:05.843 [info] > git status -z -uall [10ms]
2024-04-23 22:17:10.885 [info] > git config --get commit.template [4ms]
2024-04-23 22:17:10.886 [info] > git for-each-ref --format=%(refname)%00%(upstream:short)%00%(objectname)%00%(upstream:track)%00%(upstream:remotename)%00%(upstream:remoteref) refs/heads/master refs/remotes/master [1ms]
2024-04-23 22:17:10.898 [info] > git status -z -uall [10ms]
2024-04-23 22:17:15.935 [info] > git config --get commit.template [3ms]
2024-04-23 22:17:15.936 [info] > git for-each-ref --format=%(refname)%00%(upstream:short)%00%(objectname)%00%(upstream:track)%00%(upstream:remotename)%00%(upstream:remoteref) refs/heads/master refs/remotes/master [1ms]
2024-04-23 22:17:15.949 [info] > git status -z -uall [11ms]
2024-04-23 22:17:21.001 [info] > git config --get commit.template [12ms]
2024-04-23 22:17:21.003 [info] > git for-each-ref --format=%(refname)%00%(upstream:short)%00%(objectname)%00%(upstream:track)%00%(upstream:remotename)%00%(upstream:remoteref) refs/heads/master refs/remotes/master [3ms]
2024-04-23 22:17:21.036 [info] > git status -z -uall [25ms]
2024-04-23 22:17:26.773 [info] > git config --get commit.template [3ms]
2024-04-23 22:17:26.773 [info] > git for-each-ref --format=%(refname)%00%(upstream:short)%00%(objectname)%00%(upstream:track)%00%(upstream:remotename)%00%(upstream:remoteref) refs/heads/master refs/remotes/master [0ms]
2024-04-23 22:17:26.786 [info] > git status -z -uall [10ms]
2024-04-23 22:17:31.834 [info] > git config --get commit.template [12ms]
2024-04-23 22:17:31.835 [info] > git for-each-ref --format=%(refname)%00%(upstream:short)%00%(objectname)%00%(upstream:track)%00%(upstream:remotename)%00%(upstream:remoteref) refs/heads/master refs/remotes/master [2ms]
2024-04-23 22:17:31.847 [info] > git status -z -uall [9ms]
2024-04-23 22:17:38.816 [info] > git config --get commit.template [12ms]
2024-04-23 22:17:38.817 [info] > git for-each-ref --format=%(refname)%00%(upstream:short)%00%(objectname)%00%(upstream:track)%00%(upstream:remotename)%00%(upstream:remoteref) refs/heads/master refs/remotes/master [2ms]
2024-04-23 22:17:38.852 [info] > git status -z -uall [25ms]
2024-04-23 22:17:43.908 [info] > git config --get commit.template [12ms]
2024-04-23 22:17:43.910 [info] > git for-each-ref --format=%(refname)%00%(upstream:short)%00%(objectname)%00%(upstream:track)%00%(upstream:remotename)%00%(upstream:remoteref) refs/heads/master refs/remotes/master [3ms]
2024-04-23 22:17:43.949 [info] > git status -z -uall [30ms]
2024-04-23 22:17:48.992 [info] > git config --get commit.template [3ms]
2024-04-23 22:17:48.992 [info] > git for-each-ref --format=%(refname)%00%(upstream:short)%00%(objectname)%00%(upstream:track)%00%(upstream:remotename)%00%(upstream:remoteref) refs/heads/master refs/remotes/master [0ms]
2024-04-23 22:17:49.005 [info] > git status -z -uall [10ms]
2024-04-23 22:17:54.039 [info] > git config --get commit.template [3ms]
2024-04-23 22:17:54.039 [info] > git for-each-ref --format=%(refname)%00%(upstream:short)%00%(objectname)%00%(upstream:track)%00%(upstream:remotename)%00%(upstream:remoteref) refs/heads/master refs/remotes/master [0ms]
2024-04-23 22:17:54.051 [info] > git status -z -uall [9ms]
2024-04-23 22:17:59.100 [info] > git config --get commit.template [11ms]
2024-04-23 22:17:59.101 [info] > git for-each-ref --format=%(refname)%00%(upstream:short)%00%(objectname)%00%(upstream:track)%00%(upstream:remotename)%00%(upstream:remoteref) refs/heads/master refs/remotes/master [2ms]
2024-04-23 22:17:59.122 [info] > git status -z -uall [15ms]
2024-04-23 22:18:04.160 [info] > git config --get commit.template [5ms]
2024-04-23 22:18:04.161 [info] > git for-each-ref --format=%(refname)%00%(upstream:short)%00%(objectname)%00%(upstream:track)%00%(upstream:remotename)%00%(upstream:remoteref) refs/heads/master refs/remotes/master [2ms]
2024-04-23 22:18:04.177 [info] > git status -z -uall [11ms]
2024-04-23 22:18:09.216 [info] > git config --get commit.template [3ms]
2024-04-23 22:18:09.216 [info] > git for-each-ref --format=%(refname)%00%(upstream:short)%00%(objectname)%00%(upstream:track)%00%(upstream:remotename)%00%(upstream:remoteref) refs/heads/master refs/remotes/master [0ms]
2024-04-23 22:18:09.229 [info] > git status -z -uall [10ms]
2024-04-23 22:18:14.266 [info] > git config --get commit.template [3ms]
2024-04-23 22:18:14.266 [info] > git for-each-ref --format=%(refname)%00%(upstream:short)%00%(objectname)%00%(upstream:track)%00%(upstream:remotename)%00%(upstream:remoteref) refs/heads/master refs/remotes/master [0ms]
2024-04-23 22:18:14.278 [info] > git status -z -uall [9ms]
2024-04-23 22:18:19.314 [info] > git config --get commit.template [3ms]
2024-04-23 22:18:19.314 [info] > git for-each-ref --format=%(refname)%00%(upstream:short)%00%(objectname)%00%(upstream:track)%00%(upstream:remotename)%00%(upstream:remoteref) refs/heads/master refs/remotes/master [1ms]
2024-04-23 22:18:19.328 [info] > git status -z -uall [11ms]
2024-04-23 22:18:24.367 [info] > git config --get commit.template [3ms]
2024-04-23 22:18:24.367 [info] > git for-each-ref --format=%(refname)%00%(upstream:short)%00%(objectname)%00%(upstream:track)%00%(upstream:remotename)%00%(upstream:remoteref) refs/heads/master refs/remotes/master [1ms]
2024-04-23 22:18:24.379 [info] > git status -z -uall [9ms]
2024-04-23 22:18:29.431 [info] > git config --get commit.template [13ms]
2024-04-23 22:18:29.433 [info] > git for-each-ref --format=%(refname)%00%(upstream:short)%00%(objectname)%00%(upstream:track)%00%(upstream:remotename)%00%(upstream:remoteref) refs/heads/master refs/remotes/master [3ms]
2024-04-23 22:18:29.467 [info] > git status -z -uall [24ms]
2024-04-23 22:18:34.527 [info] > git config --get commit.template [13ms]
2024-04-23 22:18:34.529 [info] > git for-each-ref --format=%(refname)%00%(upstream:short)%00%(objectname)%00%(upstream:track)%00%(upstream:remotename)%00%(upstream:remoteref) refs/heads/master refs/remotes/master [3ms]
2024-04-23 22:18:34.568 [info] > git status -z -uall [28ms]
2024-04-23 22:18:39.625 [info] > git config --get commit.template [13ms]
2024-04-23 22:18:39.627 [info] > git for-each-ref --format=%(refname)%00%(upstream:short)%00%(objectname)%00%(upstream:track)%00%(upstream:remotename)%00%(upstream:remoteref) refs/heads/master refs/remotes/master [3ms]
2024-04-23 22:18:39.664 [info] > git status -z -uall [27ms]
2024-04-23 22:18:44.711 [info] > git config --get commit.template [4ms]
2024-04-23 22:18:44.711 [info] > git for-each-ref --format=%(refname)%00%(upstream:short)%00%(objectname)%00%(upstream:track)%00%(upstream:remotename)%00%(upstream:remoteref) refs/heads/master refs/remotes/master [1ms]
2024-04-23 22:18:44.724 [info] > git status -z -uall [11ms]
2024-04-23 22:18:49.784 [info] > git config --get commit.template [14ms]
2024-04-23 22:18:49.785 [info] > git for-each-ref --format=%(refname)%00%(upstream:short)%00%(objectname)%00%(upstream:track)%00%(upstream:remotename)%00%(upstream:remoteref) refs/heads/master refs/remotes/master [3ms]
2024-04-23 22:18:49.827 [info] > git status -z -uall [32ms]
2024-04-23 22:18:54.895 [info] > git config --get commit.template [13ms]
2024-04-23 22:18:54.896 [info] > git for-each-ref --format=%(refname)%00%(upstream:short)%00%(objectname)%00%(upstream:track)%00%(upstream:remotename)%00%(upstream:remoteref) refs/heads/master refs/remotes/master [3ms]
2024-04-23 22:18:54.935 [info] > git status -z -uall [29ms]
2024-04-23 22:18:59.982 [info] > git config --get commit.template [3ms]
2024-04-23 22:18:59.983 [info] > git for-each-ref --format=%(refname)%00%(upstream:short)%00%(objectname)%00%(upstream:track)%00%(upstream:remotename)%00%(upstream:remoteref) refs/heads/master refs/remotes/master [1ms]
2024-04-23 22:18:59.995 [info] > git status -z -uall [10ms]
2024-04-23 22:19:05.034 [info] > git config --get commit.template [3ms]
2024-04-23 22:19:05.034 [info] > git for-each-ref --format=%(refname)%00%(upstream:short)%00%(objectname)%00%(upstream:track)%00%(upstream:remotename)%00%(upstream:remoteref) refs/heads/master refs/remotes/master [1ms]
2024-04-23 22:19:05.047 [info] > git status -z -uall [10ms]
2024-04-23 22:19:10.082 [info] > git config --get commit.template [3ms]
2024-04-23 22:19:10.083 [info] > git for-each-ref --format=%(refname)%00%(upstream:short)%00%(objectname)%00%(upstream:track)%00%(upstream:remotename)%00%(upstream:remoteref) refs/heads/master refs/remotes/master [1ms]
2024-04-23 22:19:10.096 [info] > git status -z -uall [10ms]
2024-04-23 22:19:15.128 [info] > git config --get commit.template [4ms]
2024-04-23 22:19:15.128 [info] > git for-each-ref --format=%(refname)%00%(upstream:short)%00%(objectname)%00%(upstream:track)%00%(upstream:remotename)%00%(upstream:remoteref) refs/heads/master refs/remotes/master [1ms]
2024-04-23 22:19:15.141 [info] > git status -z -uall [10ms]
2024-04-23 22:19:20.185 [info] > git config --get commit.template [9ms]
2024-04-23 22:19:20.186 [info] > git for-each-ref --format=%(refname)%00%(upstream:short)%00%(objectname)%00%(upstream:track)%00%(upstream:remotename)%00%(upstream:remoteref) refs/heads/master refs/remotes/master [2ms]
2024-04-23 22:19:20.199 [info] > git status -z -uall [10ms]
2024-04-23 22:19:25.249 [info] > git config --get commit.template [12ms]
2024-04-23 22:19:25.251 [info] > git for-each-ref --format=%(refname)%00%(upstream:short)%00%(objectname)%00%(upstream:track)%00%(upstream:remotename)%00%(upstream:remoteref) refs/heads/master refs/remotes/master [3ms]
2024-04-23 22:19:25.288 [info] > git status -z -uall [26ms]
2024-04-23 22:19:30.343 [info] > git config --get commit.template [13ms]
2024-04-23 22:19:30.344 [info] > git for-each-ref --format=%(refname)%00%(upstream:short)%00%(objectname)%00%(upstream:track)%00%(upstream:remotename)%00%(upstream:remoteref) refs/heads/master refs/remotes/master [1ms]
2024-04-23 22:19:30.357 [info] > git status -z -uall [10ms]
2024-04-23 22:19:35.401 [info] > git config --get commit.template [4ms]
2024-04-23 22:19:35.402 [info] > git for-each-ref --format=%(refname)%00%(upstream:short)%00%(objectname)%00%(upstream:track)%00%(upstream:remotename)%00%(upstream:remoteref) refs/heads/master refs/remotes/master [0ms]
2024-04-23 22:19:35.414 [info] > git status -z -uall [10ms]
2024-04-23 22:19:40.457 [info] > git config --get commit.template [4ms]
2024-04-23 22:19:40.458 [info] > git for-each-ref --format=%(refname)%00%(upstream:short)%00%(objectname)%00%(upstream:track)%00%(upstream:remotename)%00%(upstream:remoteref) refs/heads/master refs/remotes/master [1ms]
2024-04-23 22:19:40.470 [info] > git status -z -uall [10ms]
2024-04-23 22:19:45.506 [info] > git config --get commit.template [3ms]
2024-04-23 22:19:45.507 [info] > git for-each-ref --format=%(refname)%00%(upstream:short)%00%(objectname)%00%(upstream:track)%00%(upstream:remotename)%00%(upstream:remoteref) refs/heads/master refs/remotes/master [1ms]
2024-04-23 22:19:45.520 [info] > git status -z -uall [10ms]
2024-04-23 22:19:50.558 [info] > git config --get commit.template [3ms]
2024-04-23 22:19:50.559 [info] > git for-each-ref --format=%(refname)%00%(upstream:short)%00%(objectname)%00%(upstream:track)%00%(upstream:remotename)%00%(upstream:remoteref) refs/heads/master refs/remotes/master [1ms]
2024-04-23 22:19:50.571 [info] > git status -z -uall [9ms]
2024-04-23 22:19:52.334 [info] > git check-ignore -v -z --stdin [3ms]
2024-04-23 22:19:55.623 [info] > git config --get commit.template [13ms]
2024-04-23 22:19:55.625 [info] > git for-each-ref --format=%(refname)%00%(upstream:short)%00%(objectname)%00%(upstream:track)%00%(upstream:remotename)%00%(upstream:remoteref) refs/heads/master refs/remotes/master [4ms]
2024-04-23 22:19:55.649 [info] > git status -z -uall [17ms]
2024-04-23 22:19:56.042 [info] > git check-ignore -v -z --stdin [1ms]
2024-04-23 22:19:57.204 [info] > git check-ignore -v -z --stdin [4ms]
2024-04-23 22:19:57.656 [info] > git show --textconv :.config/fcitx5/conf/cached_layouts [8ms]
2024-04-23 22:19:57.658 [info] > git ls-files --stage -- /home/suhui/dotfiles/.config/fcitx5/conf/cached_layouts [3ms]
2024-04-23 22:19:57.666 [info] > git cat-file -s 1eb855279652ac12a5223a988aa3b164ccf0f59f [2ms]
2024-04-23 22:20:00.685 [info] > git config --get commit.template [3ms]
2024-04-23 22:20:00.686 [info] > git for-each-ref --format=%(refname)%00%(upstream:short)%00%(objectname)%00%(upstream:track)%00%(upstream:remotename)%00%(upstream:remoteref) refs/heads/master refs/remotes/master [1ms]
2024-04-23 22:20:00.698 [info] > git status -z -uall [10ms]
2024-04-23 22:20:05.744 [info] > git config --get commit.template [11ms]
2024-04-23 22:20:05.746 [info] > git for-each-ref --format=%(refname)%00%(upstream:short)%00%(objectname)%00%(upstream:track)%00%(upstream:remotename)%00%(upstream:remoteref) refs/heads/master refs/remotes/master [3ms]
2024-04-23 22:20:05.783 [info] > git status -z -uall [28ms]
2024-04-23 22:20:10.826 [info] > git config --get commit.template [4ms]
2024-04-23 22:20:10.826 [info] > git for-each-ref --format=%(refname)%00%(upstream:short)%00%(objectname)%00%(upstream:track)%00%(upstream:remotename)%00%(upstream:remoteref) refs/heads/master refs/remotes/master [1ms]
2024-04-23 22:20:10.838 [info] > git status -z -uall [9ms]
2024-04-23 22:20:15.889 [info] > git config --get commit.template [12ms]
2024-04-23 22:20:15.891 [info] > git for-each-ref --format=%(refname)%00%(upstream:short)%00%(objectname)%00%(upstream:track)%00%(upstream:remotename)%00%(upstream:remoteref) refs/heads/master refs/remotes/master [4ms]
2024-04-23 22:20:15.930 [info] > git status -z -uall [29ms]
2024-04-23 22:20:20.991 [info] > git config --get commit.template [12ms]
2024-04-23 22:20:20.993 [info] > git for-each-ref --format=%(refname)%00%(upstream:short)%00%(objectname)%00%(upstream:track)%00%(upstream:remotename)%00%(upstream:remoteref) refs/heads/master refs/remotes/master [3ms]
2024-04-23 22:20:21.030 [info] > git status -z -uall [26ms]
2024-04-23 22:20:26.086 [info] > git config --get commit.template [11ms]
2024-04-23 22:20:26.088 [info] > git for-each-ref --format=%(refname)%00%(upstream:short)%00%(objectname)%00%(upstream:track)%00%(upstream:remotename)%00%(upstream:remoteref) refs/heads/master refs/remotes/master [3ms]
2024-04-23 22:20:26.125 [info] > git status -z -uall [27ms]
2024-04-23 22:20:31.184 [info] > git config --get commit.template [13ms]
2024-04-23 22:20:31.186 [info] > git for-each-ref --format=%(refname)%00%(upstream:short)%00%(objectname)%00%(upstream:track)%00%(upstream:remotename)%00%(upstream:remoteref) refs/heads/master refs/remotes/master [3ms]
2024-04-23 22:20:31.224 [info] > git status -z -uall [28ms]
2024-04-23 22:20:36.292 [info] > git config --get commit.template [14ms]
2024-04-23 22:20:36.294 [info] > git for-each-ref --format=%(refname)%00%(upstream:short)%00%(objectname)%00%(upstream:track)%00%(upstream:remotename)%00%(upstream:remoteref) refs/heads/master refs/remotes/master [4ms]
2024-04-23 22:20:36.331 [info] > git status -z -uall [27ms]
2024-04-23 22:20:39.808 [info] > git show --textconv :.config/fcitx5/conf/cached_layouts [14ms]
2024-04-23 22:20:39.811 [info] > git ls-files --stage -- /home/suhui/dotfiles/.config/fcitx5/conf/cached_layouts [5ms]
2024-04-23 22:20:39.825 [info] > git cat-file -s 1eb855279652ac12a5223a988aa3b164ccf0f59f [3ms]
2024-04-23 22:20:41.391 [info] > git config --get commit.template [12ms]
2024-04-23 22:20:41.393 [info] > git for-each-ref --format=%(refname)%00%(upstream:short)%00%(objectname)%00%(upstream:track)%00%(upstream:remotename)%00%(upstream:remoteref) refs/heads/master refs/remotes/master [2ms]
2024-04-23 22:20:41.432 [info] > git status -z -uall [30ms]
2024-04-23 22:20:46.479 [info] > git config --get commit.template [4ms]
2024-04-23 22:20:46.479 [info] > git for-each-ref --format=%(refname)%00%(upstream:short)%00%(objectname)%00%(upstream:track)%00%(upstream:remotename)%00%(upstream:remoteref) refs/heads/master refs/remotes/master [1ms]
2024-04-23 22:20:46.492 [info] > git status -z -uall [10ms]
2024-04-23 22:20:51.544 [info] > git config --get commit.template [9ms]
2024-04-23 22:20:51.545 [info] > git for-each-ref --format=%(refname)%00%(upstream:short)%00%(objectname)%00%(upstream:track)%00%(upstream:remotename)%00%(upstream:remoteref) refs/heads/master refs/remotes/master [2ms]
2024-04-23 22:20:51.567 [info] > git status -z -uall [16ms]
2024-04-23 22:20:51.881 [info] > git show --textconv :.config/fcitx5/conf/classicui.conf [15ms]
2024-04-23 22:20:51.882 [info] > git ls-files --stage -- /home/suhui/dotfiles/.config/fcitx5/conf/classicui.conf [2ms]
2024-04-23 22:20:51.888 [info] > git cat-file -s 5d5f10164f7921d685f07d5625977145473675c9 [1ms]
2024-04-23 22:20:56.612 [info] > git config --get commit.template [5ms]
2024-04-23 22:20:56.612 [info] > git for-each-ref --format=%(refname)%00%(upstream:short)%00%(objectname)%00%(upstream:track)%00%(upstream:remotename)%00%(upstream:remoteref) refs/heads/master refs/remotes/master [1ms]
2024-04-23 22:20:56.626 [info] > git status -z -uall [10ms]
2024-04-23 22:21:03.899 [info] > git config --get commit.template [4ms]
2024-04-23 22:21:03.900 [info] > git for-each-ref --format=%(refname)%00%(upstream:short)%00%(objectname)%00%(upstream:track)%00%(upstream:remotename)%00%(upstream:remoteref) refs/heads/master refs/remotes/master [1ms]
2024-04-23 22:21:03.914 [info] > git status -z -uall [11ms]
2024-04-23 22:21:08.947 [info] > git config --get commit.template [1ms]
2024-04-23 22:21:08.952 [info] > git for-each-ref --format=%(refname)%00%(upstream:short)%00%(objectname)%00%(upstream:track)%00%(upstream:remotename)%00%(upstream:remoteref) refs/heads/master refs/remotes/master [0ms]
2024-04-23 22:21:08.965 [info] > git status -z -uall [9ms]
2024-04-23 22:21:14.005 [info] > git config --get commit.template [2ms]
2024-04-23 22:21:14.009 [info] > git for-each-ref --format=%(refname)%00%(upstream:short)%00%(objectname)%00%(upstream:track)%00%(upstream:remotename)%00%(upstream:remoteref) refs/heads/master refs/remotes/master [1ms]
2024-04-23 22:21:14.022 [info] > git status -z -uall [10ms]
2024-04-23 22:21:19.072 [info] > git config --get commit.template [9ms]
2024-04-23 22:21:19.072 [info] > git for-each-ref --format=%(refname)%00%(upstream:short)%00%(objectname)%00%(upstream:track)%00%(upstream:remotename)%00%(upstream:remoteref) refs/heads/master refs/remotes/master [1ms]
2024-04-23 22:21:19.091 [info] > git status -z -uall [13ms]
2024-04-23 22:21:19.639 [info] > git check-ignore -v -z --stdin [4ms]
2024-04-23 22:21:24.129 [info] > git config --get commit.template [4ms]
2024-04-23 22:21:24.129 [info] > git for-each-ref --format=%(refname)%00%(upstream:short)%00%(objectname)%00%(upstream:track)%00%(upstream:remotename)%00%(upstream:remoteref) refs/heads/master refs/remotes/master [1ms]
2024-04-23 22:21:24.143 [info] > git status -z -uall [10ms]
2024-04-23 22:21:29.197 [info] > git config --get commit.template [14ms]
2024-04-23 22:21:29.198 [info] > git for-each-ref --format=%(refname)%00%(upstream:short)%00%(objectname)%00%(upstream:track)%00%(upstream:remotename)%00%(upstream:remoteref) refs/heads/master refs/remotes/master [3ms]
2024-04-23 22:21:29.239 [info] > git status -z -uall [27ms]
2024-04-23 22:21:34.303 [info] > git config --get commit.template [14ms]
2024-04-23 22:21:34.304 [info] > git for-each-ref --format=%(refname)%00%(upstream:short)%00%(objectname)%00%(upstream:track)%00%(upstream:remotename)%00%(upstream:remoteref) refs/heads/master refs/remotes/master [3ms]
2024-04-23 22:21:34.337 [info] > git status -z -uall [24ms]
2024-04-23 22:21:43.714 [info] > git config --get commit.template [5ms]
2024-04-23 22:21:43.714 [info] > git for-each-ref --format=%(refname)%00%(upstream:short)%00%(objectname)%00%(upstream:track)%00%(upstream:remotename)%00%(upstream:remoteref) refs/heads/master refs/remotes/master [0ms]
2024-04-23 22:21:43.728 [info] > git status -z -uall [10ms]
2024-04-23 22:21:48.766 [info] > git config --get commit.template [4ms]
2024-04-23 22:21:48.766 [info] > git for-each-ref --format=%(refname)%00%(upstream:short)%00%(objectname)%00%(upstream:track)%00%(upstream:remotename)%00%(upstream:remoteref) refs/heads/master refs/remotes/master [1ms]
2024-04-23 22:21:48.780 [info] > git status -z -uall [9ms]
2024-04-23 22:21:53.820 [info] > git config --get commit.template [7ms]
2024-04-23 22:21:53.821 [info] > git for-each-ref --format=%(refname)%00%(upstream:short)%00%(objectname)%00%(upstream:track)%00%(upstream:remotename)%00%(upstream:remoteref) refs/heads/master refs/remotes/master [1ms]
2024-04-23 22:21:53.845 [info] > git status -z -uall [18ms]
2024-04-23 22:21:58.912 [info] > git config --get commit.template [13ms]
2024-04-23 22:21:58.914 [info] > git for-each-ref --format=%(refname)%00%(upstream:short)%00%(objectname)%00%(upstream:track)%00%(upstream:remotename)%00%(upstream:remoteref) refs/heads/master refs/remotes/master [3ms]
2024-04-23 22:21:58.958 [info] > git status -z -uall [33ms]
2024-04-23 22:22:04.046 [info] > git config --get commit.template [13ms]
2024-04-23 22:22:04.047 [info] > git for-each-ref --format=%(refname)%00%(upstream:short)%00%(objectname)%00%(upstream:track)%00%(upstream:remotename)%00%(upstream:remoteref) refs/heads/master refs/remotes/master [3ms]
2024-04-23 22:22:04.087 [info] > git status -z -uall [27ms]
2024-04-23 22:22:09.128 [info] > git config --get commit.template [4ms]
2024-04-23 22:22:09.128 [info] > git for-each-ref --format=%(refname)%00%(upstream:short)%00%(objectname)%00%(upstream:track)%00%(upstream:remotename)%00%(upstream:remoteref) refs/heads/master refs/remotes/master [0ms]
2024-04-23 22:22:09.145 [info] > git status -z -uall [12ms]
2024-04-23 22:22:14.203 [info] > git config --get commit.template [14ms]
2024-04-23 22:22:14.205 [info] > git for-each-ref --format=%(refname)%00%(upstream:short)%00%(objectname)%00%(upstream:track)%00%(upstream:remotename)%00%(upstream:remoteref) refs/heads/master refs/remotes/master [3ms]
2024-04-23 22:22:14.251 [info] > git status -z -uall [34ms]
2024-04-23 22:22:19.306 [info] > git config --get commit.template [4ms]
2024-04-23 22:22:19.306 [info] > git for-each-ref --format=%(refname)%00%(upstream:short)%00%(objectname)%00%(upstream:track)%00%(upstream:remotename)%00%(upstream:remoteref) refs/heads/master refs/remotes/master [1ms]
2024-04-23 22:22:19.320 [info] > git status -z -uall [11ms]
2024-04-23 22:22:24.357 [info] > git config --get commit.template [3ms]
2024-04-23 22:22:24.358 [info] > git for-each-ref --format=%(refname)%00%(upstream:short)%00%(objectname)%00%(upstream:track)%00%(upstream:remotename)%00%(upstream:remoteref) refs/heads/master refs/remotes/master [1ms]
2024-04-23 22:22:24.370 [info] > git status -z -uall [9ms]
2024-04-23 22:22:32.214 [info] > git config --get commit.template [9ms]
2024-04-23 22:22:32.215 [info] > git for-each-ref --format=%(refname)%00%(upstream:short)%00%(objectname)%00%(upstream:track)%00%(upstream:remotename)%00%(upstream:remoteref) refs/heads/master refs/remotes/master [2ms]
2024-04-23 22:22:32.263 [info] > git status -z -uall [36ms]
2024-04-23 22:22:37.338 [info] > git config --get commit.template [14ms]
2024-04-23 22:22:37.339 [info] > git for-each-ref --format=%(refname)%00%(upstream:short)%00%(objectname)%00%(upstream:track)%00%(upstream:remotename)%00%(upstream:remoteref) refs/heads/master refs/remotes/master [2ms]
2024-04-23 22:22:37.382 [info] > git status -z -uall [31ms]
2024-04-23 22:22:42.446 [info] > git config --get commit.template [15ms]
2024-04-23 22:22:42.448 [info] > git for-each-ref --format=%(refname)%00%(upstream:short)%00%(objectname)%00%(upstream:track)%00%(upstream:remotename)%00%(upstream:remoteref) refs/heads/master refs/remotes/master [3ms]
2024-04-23 22:22:42.487 [info] > git status -z -uall [26ms]
2024-04-23 22:22:47.543 [info] > git config --get commit.template [14ms]
2024-04-23 22:22:47.545 [info] > git for-each-ref --format=%(refname)%00%(upstream:short)%00%(objectname)%00%(upstream:track)%00%(upstream:remotename)%00%(upstream:remoteref) refs/heads/master refs/remotes/master [3ms]
2024-04-23 22:22:47.584 [info] > git status -z -uall [27ms]
2024-04-23 22:22:52.666 [info] > git config --get commit.template [14ms]
2024-04-23 22:22:52.668 [info] > git for-each-ref --format=%(refname)%00%(upstream:short)%00%(objectname)%00%(upstream:track)%00%(upstream:remotename)%00%(upstream:remoteref) refs/heads/master refs/remotes/master [3ms]
2024-04-23 22:22:52.711 [info] > git status -z -uall [32ms]
2024-04-23 22:22:57.779 [info] > git config --get commit.template [13ms]
2024-04-23 22:22:57.781 [info] > git for-each-ref --format=%(refname)%00%(upstream:short)%00%(objectname)%00%(upstream:track)%00%(upstream:remotename)%00%(upstream:remoteref) refs/heads/master refs/remotes/master [3ms]
2024-04-23 22:22:57.823 [info] > git status -z -uall [30ms]
2024-04-23 22:23:02.870 [info] > git config --get commit.template [4ms]
2024-04-23 22:23:02.870 [info] > git for-each-ref --format=%(refname)%00%(upstream:short)%00%(objectname)%00%(upstream:track)%00%(upstream:remotename)%00%(upstream:remoteref) refs/heads/master refs/remotes/master [1ms]
2024-04-23 22:23:02.884 [info] > git status -z -uall [11ms]
2024-04-23 22:23:07.938 [info] > git config --get commit.template [4ms]
2024-04-23 22:23:07.938 [info] > git for-each-ref --format=%(refname)%00%(upstream:short)%00%(objectname)%00%(upstream:track)%00%(upstream:remotename)%00%(upstream:remoteref) refs/heads/master refs/remotes/master [0ms]
2024-04-23 22:23:07.952 [info] > git status -z -uall [10ms]
2024-04-23 22:23:12.983 [info] > git config --get commit.template [4ms]
2024-04-23 22:23:12.983 [info] > git for-each-ref --format=%(refname)%00%(upstream:short)%00%(objectname)%00%(upstream:track)%00%(upstream:remotename)%00%(upstream:remoteref) refs/heads/master refs/remotes/master [0ms]
2024-04-23 22:23:12.997 [info] > git status -z -uall [10ms]
2024-04-23 22:23:18.033 [info] > git config --get commit.template [4ms]
2024-04-23 22:23:18.033 [info] > git for-each-ref --format=%(refname)%00%(upstream:short)%00%(objectname)%00%(upstream:track)%00%(upstream:remotename)%00%(upstream:remoteref) refs/heads/master refs/remotes/master [1ms]
2024-04-23 22:23:18.048 [info] > git status -z -uall [11ms]
2024-04-23 22:23:23.129 [info] > git config --get commit.template [15ms]
2024-04-23 22:23:23.130 [info] > git for-each-ref --format=%(refname)%00%(upstream:short)%00%(objectname)%00%(upstream:track)%00%(upstream:remotename)%00%(upstream:remoteref) refs/heads/master refs/remotes/master [3ms]
2024-04-23 22:23:23.170 [info] > git status -z -uall [27ms]
2024-04-23 22:23:28.211 [info] > git config --get commit.template [4ms]
2024-04-23 22:23:28.212 [info] > git for-each-ref --format=%(refname)%00%(upstream:short)%00%(objectname)%00%(upstream:track)%00%(upstream:remotename)%00%(upstream:remoteref) refs/heads/master refs/remotes/master [1ms]
2024-04-23 22:23:28.225 [info] > git status -z -uall [10ms]
2024-04-23 22:23:33.262 [info] > git config --get commit.template [4ms]
2024-04-23 22:23:33.262 [info] > git for-each-ref --format=%(refname)%00%(upstream:short)%00%(objectname)%00%(upstream:track)%00%(upstream:remotename)%00%(upstream:remoteref) refs/heads/master refs/remotes/master [0ms]
2024-04-23 22:23:33.277 [info] > git status -z -uall [11ms]
2024-04-23 22:23:38.344 [info] > git config --get commit.template [15ms]
2024-04-23 22:23:38.345 [info] > git for-each-ref --format=%(refname)%00%(upstream:short)%00%(objectname)%00%(upstream:track)%00%(upstream:remotename)%00%(upstream:remoteref) refs/heads/master refs/remotes/master [3ms]
2024-04-23 22:23:38.390 [info] > git status -z -uall [32ms]
2024-04-23 22:23:43.459 [info] > git config --get commit.template [14ms]
2024-04-23 22:23:43.461 [info] > git for-each-ref --format=%(refname)%00%(upstream:short)%00%(objectname)%00%(upstream:track)%00%(upstream:remotename)%00%(upstream:remoteref) refs/heads/master refs/remotes/master [3ms]
2024-04-23 22:23:43.501 [info] > git status -z -uall [29ms]
2024-04-23 22:23:48.673 [info] > git config --get commit.template [3ms]
2024-04-23 22:23:48.673 [info] > git for-each-ref --format=%(refname)%00%(upstream:short)%00%(objectname)%00%(upstream:track)%00%(upstream:remotename)%00%(upstream:remoteref) refs/heads/master refs/remotes/master [1ms]
2024-04-23 22:23:48.687 [info] > git status -z -uall [11ms]
2024-04-23 22:23:53.746 [info] > git config --get commit.template [4ms]
2024-04-23 22:23:53.746 [info] > git for-each-ref --format=%(refname)%00%(upstream:short)%00%(objectname)%00%(upstream:track)%00%(upstream:remotename)%00%(upstream:remoteref) refs/heads/master refs/remotes/master [0ms]
2024-04-23 22:23:53.761 [info] > git status -z -uall [11ms]
2024-04-23 22:23:58.821 [info] > git config --get commit.template [15ms]
2024-04-23 22:23:58.823 [info] > git for-each-ref --format=%(refname)%00%(upstream:short)%00%(objectname)%00%(upstream:track)%00%(upstream:remotename)%00%(upstream:remoteref) refs/heads/master refs/remotes/master [3ms]
2024-04-23 22:23:58.863 [info] > git status -z -uall [28ms]
2024-04-23 22:24:03.923 [info] > git config --get commit.template [15ms]
2024-04-23 22:24:03.925 [info] > git for-each-ref --format=%(refname)%00%(upstream:short)%00%(objectname)%00%(upstream:track)%00%(upstream:remotename)%00%(upstream:remoteref) refs/heads/master refs/remotes/master [3ms]
2024-04-23 22:24:03.971 [info] > git status -z -uall [33ms]
2024-04-23 22:24:09.791 [info] > git config --get commit.template [10ms]
2024-04-23 22:24:09.792 [info] > git for-each-ref --format=%(refname)%00%(upstream:short)%00%(objectname)%00%(upstream:track)%00%(upstream:remotename)%00%(upstream:remoteref) refs/heads/master refs/remotes/master [2ms]
2024-04-23 22:24:09.813 [info] > git status -z -uall [13ms]
2024-04-23 22:24:14.872 [info] > git config --get commit.template [17ms]
2024-04-23 22:24:14.874 [info] > git for-each-ref --format=%(refname)%00%(upstream:short)%00%(objectname)%00%(upstream:track)%00%(upstream:remotename)%00%(upstream:remoteref) refs/heads/master refs/remotes/master [4ms]
2024-04-23 22:24:14.916 [info] > git status -z -uall [29ms]
2024-04-23 22:24:19.963 [info] > git config --get commit.template [4ms]
2024-04-23 22:24:19.963 [info] > git for-each-ref --format=%(refname)%00%(upstream:short)%00%(objectname)%00%(upstream:track)%00%(upstream:remotename)%00%(upstream:remoteref) refs/heads/master refs/remotes/master [0ms]
2024-04-23 22:24:19.977 [info] > git status -z -uall [10ms]
2024-04-23 22:24:25.022 [info] > git config --get commit.template [4ms]
2024-04-23 22:24:25.022 [info] > git for-each-ref --format=%(refname)%00%(upstream:short)%00%(objectname)%00%(upstream:track)%00%(upstream:remotename)%00%(upstream:remoteref) refs/heads/master refs/remotes/master [1ms]
2024-04-23 22:24:25.035 [info] > git status -z -uall [10ms]
2024-04-23 22:24:30.073 [info] > git config --get commit.template [4ms]
2024-04-23 22:24:30.074 [info] > git for-each-ref --format=%(refname)%00%(upstream:short)%00%(objectname)%00%(upstream:track)%00%(upstream:remotename)%00%(upstream:remoteref) refs/heads/master refs/remotes/master [0ms]
2024-04-23 22:24:30.087 [info] > git status -z -uall [10ms]
2024-04-23 22:24:35.125 [info] > git config --get commit.template [4ms]
2024-04-23 22:24:35.126 [info] > git for-each-ref --format=%(refname)%00%(upstream:short)%00%(objectname)%00%(upstream:track)%00%(upstream:remotename)%00%(upstream:remoteref) refs/heads/master refs/remotes/master [1ms]
2024-04-23 22:24:35.140 [info] > git status -z -uall [10ms]
2024-04-23 22:24:40.186 [info] > git config --get commit.template [4ms]
2024-04-23 22:24:40.186 [info] > git for-each-ref --format=%(refname)%00%(upstream:short)%00%(objectname)%00%(upstream:track)%00%(upstream:remotename)%00%(upstream:remoteref) refs/heads/master refs/remotes/master [1ms]
2024-04-23 22:24:40.199 [info] > git status -z -uall [10ms]
2024-04-23 22:24:45.258 [info] > git config --get commit.template [14ms]
2024-04-23 22:24:45.259 [info] > git for-each-ref --format=%(refname)%00%(upstream:short)%00%(objectname)%00%(upstream:track)%00%(upstream:remotename)%00%(upstream:remoteref) refs/heads/master refs/remotes/master [3ms]
2024-04-23 22:24:45.275 [info] > git status -z -uall [9ms]
2024-04-23 22:24:50.332 [info] > git config --get commit.template [16ms]
2024-04-23 22:24:50.334 [info] > git for-each-ref --format=%(refname)%00%(upstream:short)%00%(objectname)%00%(upstream:track)%00%(upstream:remotename)%00%(upstream:remoteref) refs/heads/master refs/remotes/master [3ms]
2024-04-23 22:24:50.376 [info] > git status -z -uall [28ms]
2024-04-23 22:24:55.449 [info] > git config --get commit.template [16ms]
2024-04-23 22:24:55.451 [info] > git for-each-ref --format=%(refname)%00%(upstream:short)%00%(objectname)%00%(upstream:track)%00%(upstream:remotename)%00%(upstream:remoteref) refs/heads/master refs/remotes/master [3ms]
2024-04-23 22:24:55.492 [info] > git status -z -uall [27ms]
2024-04-23 22:25:00.536 [info] > git config --get commit.template [4ms]
2024-04-23 22:25:00.536 [info] > git for-each-ref --format=%(refname)%00%(upstream:short)%00%(objectname)%00%(upstream:track)%00%(upstream:remotename)%00%(upstream:remoteref) refs/heads/master refs/remotes/master [1ms]
2024-04-23 22:25:00.549 [info] > git status -z -uall [9ms]
2024-04-23 22:25:05.587 [info] > git config --get commit.template [4ms]
2024-04-23 22:25:05.587 [info] > git for-each-ref --format=%(refname)%00%(upstream:short)%00%(objectname)%00%(upstream:track)%00%(upstream:remotename)%00%(upstream:remoteref) refs/heads/master refs/remotes/master [0ms]
2024-04-23 22:25:05.602 [info] > git status -z -uall [10ms]
2024-04-23 22:25:10.646 [info] > git config --get commit.template [6ms]
2024-04-23 22:25:10.646 [info] > git for-each-ref --format=%(refname)%00%(upstream:short)%00%(objectname)%00%(upstream:track)%00%(upstream:remotename)%00%(upstream:remoteref) refs/heads/master refs/remotes/master [1ms]
2024-04-23 22:25:10.672 [info] > git status -z -uall [20ms]
2024-04-23 22:25:16.840 [info] > git config --get commit.template [4ms]
2024-04-23 22:25:16.840 [info] > git for-each-ref --format=%(refname)%00%(upstream:short)%00%(objectname)%00%(upstream:track)%00%(upstream:remotename)%00%(upstream:remoteref) refs/heads/master refs/remotes/master [1ms]
2024-04-23 22:25:16.854 [info] > git status -z -uall [11ms]
2024-04-23 22:25:21.912 [info] > git config --get commit.template [15ms]
2024-04-23 22:25:21.914 [info] > git for-each-ref --format=%(refname)%00%(upstream:short)%00%(objectname)%00%(upstream:track)%00%(upstream:remotename)%00%(upstream:remoteref) refs/heads/master refs/remotes/master [4ms]
2024-04-23 22:25:21.961 [info] > git status -z -uall [34ms]
2024-04-23 22:25:27.025 [info] > git config --get commit.template [14ms]
2024-04-23 22:25:27.027 [info] > git for-each-ref --format=%(refname)%00%(upstream:short)%00%(objectname)%00%(upstream:track)%00%(upstream:remotename)%00%(upstream:remoteref) refs/heads/master refs/remotes/master [3ms]
2024-04-23 22:25:27.072 [info] > git status -z -uall [32ms]
2024-04-23 22:25:32.143 [info] > git config --get commit.template [15ms]
2024-04-23 22:25:32.145 [info] > git for-each-ref --format=%(refname)%00%(upstream:short)%00%(objectname)%00%(upstream:track)%00%(upstream:remotename)%00%(upstream:remoteref) refs/heads/master refs/remotes/master [3ms]
2024-04-23 22:25:32.184 [info] > git status -z -uall [26ms]
2024-04-23 22:25:37.235 [info] > git config --get commit.template [4ms]
2024-04-23 22:25:37.235 [info] > git for-each-ref --format=%(refname)%00%(upstream:short)%00%(objectname)%00%(upstream:track)%00%(upstream:remotename)%00%(upstream:remoteref) refs/heads/master refs/remotes/master [1ms]
2024-04-23 22:25:37.249 [info] > git status -z -uall [11ms]
2024-04-23 22:25:42.305 [info] > git config --get commit.template [4ms]
2024-04-23 22:25:42.305 [info] > git for-each-ref --format=%(refname)%00%(upstream:short)%00%(objectname)%00%(upstream:track)%00%(upstream:remotename)%00%(upstream:remoteref) refs/heads/master refs/remotes/master [0ms]
2024-04-23 22:25:42.319 [info] > git status -z -uall [10ms]
2024-04-23 22:25:47.362 [info] > git config --get commit.template [5ms]
2024-04-23 22:25:47.362 [info] > git for-each-ref --format=%(refname)%00%(upstream:short)%00%(objectname)%00%(upstream:track)%00%(upstream:remotename)%00%(upstream:remoteref) refs/heads/master refs/remotes/master [1ms]
2024-04-23 22:25:47.379 [info] > git status -z -uall [13ms]
