2024-04-23 22:09:19.752 [info] Experiment 'pythonRecommendTensorboardExt' is active
2024-04-23 22:09:19.752 [info] Experiment 'pythonREPLSmartSend' is active
2024-04-23 22:09:19.752 [info] Experiment 'pythonSurveyNotificationcf' is active
2024-04-23 22:09:19.752 [info] Experiment 'pythonTerminalEnvVarActivation' is active
2024-04-23 22:09:19.752 [info] Experiment 'pythonTestAdapter' is active
2024-04-23 22:09:19.752 [info] Default formatter is set to null for workspace /home/suhui/Projects/Hackergame
2024-04-23 22:09:19.752 [info] Test server listening.
2024-04-23 22:09:19.752 [info] > hatch env show --json
2024-04-23 22:09:19.752 [info] cwd: .
2024-04-23 22:09:19.752 [info] Python interpreter path: /bin/python
2024-04-23 22:09:19.824 [info] > conda info --json
2024-04-23 22:09:19.836 [info] > /bin/python -I ~/.vscode/extensions/ms-python.python-2024.4.1/python_files/get_output_via_markers.py ~/.vscode/extensions/ms-python.python-2024.4.1/python_files/interpreterInfo.py
2024-04-23 22:09:19.848 [info] > ./hackergame/bin/python -I ~/.vscode/extensions/ms-python.python-2024.4.1/python_files/get_output_via_markers.py ~/.vscode/extensions/ms-python.python-2024.4.1/python_files/interpreterInfo.py
2024-04-23 22:09:19.947 [info] > pyenv which python
2024-04-23 22:09:19.947 [info] cwd: .
2024-04-23 22:09:20.143 [info] > . ./hackergame/bin/activate.fish && echo 'e8b39361-0157-4923-80e1-22d70d46dee6' && python ~/.vscode/extensions/ms-python.python-2024.4.1/python_files/printEnvVariables.py
2024-04-23 22:09:20.143 [info] shell: fish
2024-04-23 22:09:20.295 [info] > /bin/python ~/.vscode/extensions/ms-python.python-2024.4.1/python_files/printEnvVariables.py
2024-04-23 22:09:20.295 [info] shell: fish
2024-04-23 22:09:20.444 [info] Prepending environment variable PATH in collection with /home/suhui/.vscode/extensions/ms-python.python-2024.4.1/python_files/deactivate/fish:/home/suhui/Projects/Hackergame/hackergame/bin: {"applyAtShellIntegration":true,"applyAtProcessCreation":true}
2024-04-23 22:09:20.444 [info] Setting environment variable _OLD_FISH_PROMPT_OVERRIDE in collection to /home/suhui/Projects/Hackergame/hackergame {"applyAtShellIntegration":true,"applyAtProcessCreation":true}
2024-04-23 22:09:20.444 [info] Setting environment variable VIRTUAL_ENV in collection to /home/suhui/Projects/Hackergame/hackergame {"applyAtShellIntegration":true,"applyAtProcessCreation":true}
2024-04-23 22:09:20.444 [info] Setting environment variable VIRTUAL_ENV_PROMPT in collection to (hackergame)  {"applyAtShellIntegration":true,"applyAtProcessCreation":true}
2024-04-23 22:09:20.445 [info] Send text to terminal: /bin/python /home/suhui/.vscode/extensions/ms-python.python-2024.4.1/python_files/printEnvVariablesToFile.py /home/suhui/.vscode/extensions/ms-python.python-2024.4.1/python_files/deactivate/fish/envVars.txt
2024-04-23 22:09:21.103 [info] Starting Pylance language server.
2024-04-23 22:09:37.515 [info] Discover tests for workspace name: Hackergame - uri: /home/suhui/Projects/Hackergame/aes.py
2024-04-23 22:10:03.331 [info] Discover tests for workspace name: undefined - uri: /home/suhui/.config/Code/User/settings.json
2024-04-23 22:10:08.878 [info] Discover tests for workspace name: undefined - uri: /home/suhui/.config/Code/User/settings.json
2024-04-23 22:11:05.790 [info] Discover tests for workspace name: undefined - uri: /home/suhui/.config/Code/User/settings.json
2024-04-23 22:11:49.050 [info] Discover tests for workspace name: undefined - uri: /home/suhui/.config/Code/User/settings.json
2024-04-23 22:12:48.439 [info] Python interpreter path: ./hackergame/bin/python
