[22/04/2024, 14:55:30][INFO] 不存在 /home/suhui/.config/QQ/versions/config.json，将自动创建。内容为：
{
  "baseVersion": "3.2.7-22961",
  "curVersion": "3.2.7-22961",
  "prevVersion": "",
  "onErrorVersions": [],
  "buildId": "22961"
}
[22/04/2024, 14:55:30][INFO] /home/suhui/.config/QQ/versions/3.2.7-22961.zip 不存在，无法执行解压操作
[22/04/2024, 14:55:30][INFO] 从安装目录加载主进程代码: /opt/QQ/resources/app/application/background.js
[22/04/2024, 14:55:30][INFO] 
---------- 华丽的分割线 ----------


[22/04/2024, 19:39:01][INFO] /home/suhui/.config/QQ/versions/config.json 存在
[22/04/2024, 19:39:01][INFO] 判断到 {"buildId":"22961","installedBuildId":"23159"} 不符合条件，重置 cacheDir 目录
[22/04/2024, 19:39:01][INFO] 要删除的目录/文件是: /home/suhui/.config/QQ/versions/config.json
[22/04/2024, 19:39:01][INFO] 不存在 /home/suhui/.config/QQ/versions/config.json，将自动创建。内容为：
{
  "baseVersion": "3.2.7-23159",
  "curVersion": "3.2.7-23159",
  "prevVersion": "",
  "onErrorVersions": [],
  "buildId": "23159"
}
[22/04/2024, 19:39:01][INFO] /home/suhui/.config/QQ/versions/3.2.7-23159.zip 不存在，无法执行解压操作
[22/04/2024, 19:39:01][INFO] 从安装目录加载主进程代码: /opt/QQ/resources/app/application/background.js
[22/04/2024, 19:39:01][INFO] 
---------- 华丽的分割线 ----------


[22/04/2024, 19:39:09][INFO] /home/suhui/.config/QQ/versions/config.json 存在
[22/04/2024, 19:39:09][INFO] /home/suhui/.config/QQ/versions/3.2.7-23159.zip 不存在，无法执行解压操作
[22/04/2024, 19:39:09][INFO] 从安装目录加载主进程代码: /opt/QQ/resources/app/application/background.js
[22/04/2024, 19:39:09][INFO] 
---------- 华丽的分割线 ----------


