2024-04-23 22:49:48.451 [info] Reading sessions from keychain...
2024-04-23 22:49:48.452 [info] Getting sessions for all scopes...
2024-04-23 22:49:48.452 [info] Getting sessions for all scopes...
2024-04-23 22:49:48.452 [info] Got stored sessions!
2024-04-23 22:49:48.452 [info] Got 1 verified sessions.
2024-04-23 22:49:48.452 [info] Got 1 sessions for ...
2024-04-23 22:49:48.452 [info] Got 1 sessions for ...
2024-04-23 22:49:48.452 [info] Getting sessions for read:user,repo,user:email,workflow...
2024-04-23 22:49:48.452 [info] Got 0 sessions for read:user,repo,user:email,workflow...
2024-04-23 22:49:48.452 [info] Getting sessions for read:user,repo,user:email,workflow...
2024-04-23 22:49:48.452 [info] Got 0 sessions for read:user,repo,user:email,workflow...
2024-04-23 22:49:48.500 [info] Getting sessions for read:user...
2024-04-23 22:49:48.500 [info] Got 0 sessions for read:user...
2024-04-23 22:49:48.724 [info] Getting sessions for user:email...
2024-04-23 22:49:48.724 [info] Got 1 sessions for user:email...
2024-04-23 22:49:50.582 [info] Getting sessions for read:user,repo,user:email,workflow...
2024-04-23 22:49:50.583 [info] Got 0 sessions for read:user,repo,user:email,workflow...
2024-04-23 22:49:50.584 [info] Getting sessions for read:user...
2024-04-23 22:49:50.584 [info] Got 0 sessions for read:user...
2024-04-23 22:49:50.586 [info] Getting sessions for user:email...
2024-04-23 22:49:50.586 [info] Got 1 sessions for user:email...
2024-04-23 22:49:51.380 [info] Getting sessions for read:user,repo,user:email,workflow...
2024-04-23 22:49:51.380 [info] Got 0 sessions for read:user,repo,user:email,workflow...
2024-04-23 22:49:51.381 [info] Getting sessions for read:user...
2024-04-23 22:49:51.381 [info] Got 0 sessions for read:user...
2024-04-23 22:49:51.382 [info] Getting sessions for user:email...
2024-04-23 22:49:51.382 [info] Got 1 sessions for user:email...
2024-04-23 22:49:51.386 [info] Getting sessions for all scopes...
2024-04-23 22:49:51.386 [info] Got 1 sessions for ...
2024-04-23 22:49:51.386 [info] Getting sessions for read:user,repo,user:email,workflow...
2024-04-23 22:49:51.386 [info] Got 0 sessions for read:user,repo,user:email,workflow...
2024-04-23 22:49:51.387 [info] Getting sessions for read:user...
2024-04-23 22:49:51.387 [info] Got 0 sessions for read:user...
2024-04-23 22:49:51.388 [info] Getting sessions for user:email...
2024-04-23 22:49:51.388 [info] Got 1 sessions for user:email...
