2024-04-22 10:37:55.434 [info] Added views:workbench.panel.markers.view in workbench.panel.markers
2024-04-22 10:37:55.434 [info] Added views:workbench.panel.output in workbench.panel.output
2024-04-22 10:37:55.434 [info] Added views:terminal in terminal
2024-04-22 10:37:55.434 [info] Added views:outline in workbench.view.explorer
2024-04-22 10:37:55.434 [info] Added views:workbench.scm in workbench.view.scm
2024-04-22 10:37:55.434 [info] Added views:workbench.view.search in workbench.view.search
2024-04-22 10:37:55.434 [info] Added views:timeline in workbench.view.explorer
2024-04-22 10:37:55.434 [info] Added views:workbench.explorer.emptyView in workbench.view.explorer
2024-04-22 10:37:55.818 [info] Added views:workbench.debug.variablesView,workbench.debug.watchExpressionsView,workbench.debug.callStackView,workbench.debug.breakPointsView in workbench.view.debug
2024-04-22 10:37:56.073 [info] Added views:~remote.forwardedPorts in ~remote.forwardedPortsContainer
2024-04-22 10:37:56.127 [info] Added views:workbench.panel.repl.view in workbench.panel.repl
2024-04-22 10:37:56.128 [info] Removed views:workbench.debug.breakPointsView,workbench.debug.callStackView,workbench.debug.watchExpressionsView,workbench.debug.variablesView from workbench.view.debug
2024-04-22 10:37:56.128 [info] Added views:workbench.debug.welcome in workbench.view.debug
2024-04-22 10:38:08.275 [info] Added views:workbench.views.extensions.installed,workbench.views.extensions.popular,extensions.recommendedList in workbench.view.extensions
2024-04-22 10:38:08.278 [info] Removed views:workbench.views.extensions.popular from workbench.view.extensions
2024-04-22 10:38:08.540 [info] Added views:workbench.views.extensions.popular in workbench.view.extensions
2024-04-22 10:38:14.846 [info] Removed views:extensions.recommendedList,workbench.views.extensions.popular,workbench.views.extensions.installed from workbench.view.extensions
2024-04-22 10:38:14.860 [info] Added views:workbench.views.extensions.marketplace in workbench.view.extensions
2024-04-22 10:38:56.625 [info] Added views:workbench.view.testing in workbench.view.extension.test
2024-04-22 10:44:14.708 [info] Removed views:workbench.views.extensions.marketplace from workbench.view.extensions
2024-04-22 10:44:14.730 [info] Added views:workbench.views.extensions.installed,workbench.views.extensions.popular,extensions.recommendedList in workbench.view.extensions
2024-04-22 10:44:16.167 [info] Removed views:extensions.recommendedList,workbench.views.extensions.popular,workbench.views.extensions.installed from workbench.view.extensions
2024-04-22 10:44:16.176 [info] Added views:workbench.views.extensions.marketplace in workbench.view.extensions
2024-04-22 10:45:02.120 [info] Removed views:workbench.view.testing from workbench.view.extension.test
