2024-04-23 22:05:43.250 [info] Experiment 'pythonRecommendTensorboardExt' is active
2024-04-23 22:05:43.250 [info] Experiment 'pythonREPLSmartSend' is active
2024-04-23 22:05:43.250 [info] Experiment 'pythonSurveyNotificationcf' is active
2024-04-23 22:05:43.250 [info] Experiment 'pythonTerminalEnvVarActivation' is active
2024-04-23 22:05:43.250 [info] Experiment 'pythonTestAdapter' is active
2024-04-23 22:05:43.310 [info] Test server listening.
2024-04-23 22:05:43.316 [info] > conda info --json
2024-04-23 22:05:43.325 [info] Found: /bin/python --> /bin/python3.11
2024-04-23 22:05:43.325 [info] Found: /bin/python3 --> /bin/python3.11
2024-04-23 22:05:43.326 [info] Found: /bin/python3.11 --> /bin/python3.11
2024-04-23 22:05:43.679 [info] Found: /sbin/python --> /sbin/python3.11
2024-04-23 22:05:43.683 [info] Found: /sbin/python3 --> /sbin/python3.11
2024-04-23 22:05:43.684 [info] Found: /sbin/python3.11 --> /sbin/python3.11
2024-04-23 22:05:43.687 [info] Found: /usr/bin/python --> /usr/bin/python3.11
2024-04-23 22:05:43.687 [info] Found: /usr/bin/python3 --> /usr/bin/python3.11
2024-04-23 22:05:43.687 [info] Found: /usr/bin/python3.11 --> /usr/bin/python3.11
2024-04-23 22:05:43.706 [info] Found: /usr/sbin/python --> /usr/sbin/python3.11
2024-04-23 22:05:43.706 [info] Found: /usr/sbin/python3 --> /usr/sbin/python3.11
2024-04-23 22:05:43.706 [info] Found: /usr/sbin/python3.11 --> /usr/sbin/python3.11
2024-04-23 22:05:43.719 [info] > /bin/python -I ~/.vscode/extensions/ms-python.python-2024.4.1/python_files/get_output_via_markers.py ~/.vscode/extensions/ms-python.python-2024.4.1/python_files/interpreterInfo.py
2024-04-23 22:05:43.733 [info] > /sbin/python -I ~/.vscode/extensions/ms-python.python-2024.4.1/python_files/get_output_via_markers.py ~/.vscode/extensions/ms-python.python-2024.4.1/python_files/interpreterInfo.py
2024-04-23 22:05:43.753 [info] > /usr/bin/python -I ~/.vscode/extensions/ms-python.python-2024.4.1/python_files/get_output_via_markers.py ~/.vscode/extensions/ms-python.python-2024.4.1/python_files/interpreterInfo.py
2024-04-23 22:05:43.763 [info] > /usr/sbin/python -I ~/.vscode/extensions/ms-python.python-2024.4.1/python_files/get_output_via_markers.py ~/.vscode/extensions/ms-python.python-2024.4.1/python_files/interpreterInfo.py
2024-04-23 22:05:43.794 [info] Python interpreter path: /bin/python
2024-04-23 22:05:45.092 [info] Starting Pylance language server.
