2024-04-23 22:04:18.744 [info] Reading sessions from keychain...
2024-04-23 22:04:18.744 [info] Getting sessions for all scopes...
2024-04-23 22:04:18.744 [info] Getting sessions for all scopes...
2024-04-23 22:04:18.744 [info] Got 0 sessions for ...
2024-04-23 22:04:18.744 [info] Got 0 sessions for ...
2024-04-23 22:04:18.744 [info] Getting sessions for all scopes...
2024-04-23 22:04:18.744 [info] Got 0 sessions for ...
2024-04-23 22:04:18.744 [info] Getting sessions for read:user,repo,user:email,workflow...
2024-04-23 22:04:18.744 [info] Got 0 sessions for read:user,repo,user:email,workflow...
2024-04-23 22:04:18.747 [info] Getting sessions for read:user...
2024-04-23 22:04:18.747 [info] Got 0 sessions for read:user...
2024-04-23 22:04:18.747 [info] Getting sessions for user:email...
2024-04-23 22:04:18.747 [info] Got 0 sessions for user:email...
2024-04-23 22:04:21.025 [info] Getting sessions for read:user,repo,user:email,workflow...
2024-04-23 22:04:21.025 [info] Got 0 sessions for read:user,repo,user:email,workflow...
2024-04-23 22:04:21.028 [info] Getting sessions for read:user...
2024-04-23 22:04:21.028 [info] Got 0 sessions for read:user...
2024-04-23 22:04:21.030 [info] Getting sessions for user:email...
2024-04-23 22:04:21.030 [info] Got 0 sessions for user:email...
2024-04-23 22:04:21.051 [info] Getting sessions for read:user,repo,user:email,workflow...
2024-04-23 22:04:21.051 [info] Got 0 sessions for read:user,repo,user:email,workflow...
2024-04-23 22:04:21.053 [info] Getting sessions for read:user...
2024-04-23 22:04:21.053 [info] Got 0 sessions for read:user...
2024-04-23 22:04:21.054 [info] Getting sessions for user:email...
2024-04-23 22:04:21.054 [info] Got 0 sessions for user:email...
2024-04-23 22:07:35.737 [info] Getting sessions for read:user,repo,user:email,workflow...
2024-04-23 22:07:35.737 [info] Got 0 sessions for read:user,repo,user:email,workflow...
2024-04-23 22:07:35.738 [info] Getting sessions for read:user...
2024-04-23 22:07:35.738 [info] Got 0 sessions for read:user...
2024-04-23 22:07:35.739 [info] Getting sessions for user:email...
2024-04-23 22:07:35.739 [info] Got 0 sessions for user:email...
2024-04-23 22:07:35.742 [info] Getting sessions for read:user,repo,user:email,workflow...
2024-04-23 22:07:35.742 [info] Got 0 sessions for read:user,repo,user:email,workflow...
2024-04-23 22:07:35.743 [info] Getting sessions for read:user...
2024-04-23 22:07:35.743 [info] Got 0 sessions for read:user...
2024-04-23 22:07:35.743 [info] Getting sessions for user:email...
2024-04-23 22:07:35.743 [info] Got 0 sessions for user:email...
2024-04-23 22:07:36.907 [info] Logging in for the following scopes: user:email
2024-04-23 22:07:36.921 [info] Trying without local server... (user:email)
2024-04-23 22:07:48.588 [info] Exchanging code for token...
2024-04-23 22:07:50.226 [info] Token exchange success!
2024-04-23 22:07:50.231 [info] Getting user info...
2024-04-23 22:07:51.475 [info] Got account info!
2024-04-23 22:07:51.476 [info] Storing 1 sessions...
2024-04-23 22:07:53.802 [info] Reading sessions from keychain...
2024-04-23 22:07:53.802 [info] Stored 1 sessions!
2024-04-23 22:07:53.802 [info] Login success!
2024-04-23 22:07:53.805 [info] Got stored sessions!
2024-04-23 22:07:53.805 [info] Got 1 verified sessions.
2024-04-23 22:07:53.806 [info] Getting sessions for read:user,repo,user:email,workflow...
2024-04-23 22:07:53.806 [info] Got 0 sessions for read:user,repo,user:email,workflow...
2024-04-23 22:07:53.807 [info] Getting sessions for read:user,repo,user:email,workflow...
2024-04-23 22:07:53.807 [info] Got 0 sessions for read:user,repo,user:email,workflow...
2024-04-23 22:07:53.807 [info] Getting sessions for read:user...
2024-04-23 22:07:53.807 [info] Got 0 sessions for read:user...
2024-04-23 22:07:53.807 [info] Getting sessions for read:user...
2024-04-23 22:07:53.807 [info] Got 0 sessions for read:user...
2024-04-23 22:07:53.808 [info] Getting sessions for user:email...
2024-04-23 22:07:53.808 [info] Got 1 sessions for user:email...
2024-04-23 22:07:53.808 [info] Getting sessions for user:email...
2024-04-23 22:07:53.808 [info] Got 1 sessions for user:email...
2024-04-23 22:07:53.809 [info] Getting sessions for read:user,repo,user:email,workflow...
2024-04-23 22:07:53.809 [info] Got 0 sessions for read:user,repo,user:email,workflow...
2024-04-23 22:07:53.809 [info] Getting sessions for read:user,repo,user:email,workflow...
2024-04-23 22:07:53.809 [info] Got 0 sessions for read:user,repo,user:email,workflow...
2024-04-23 22:07:53.809 [info] Getting sessions for read:user...
2024-04-23 22:07:53.809 [info] Got 0 sessions for read:user...
2024-04-23 22:07:53.810 [info] Getting sessions for read:user...
2024-04-23 22:07:53.810 [info] Got 0 sessions for read:user...
2024-04-23 22:07:53.810 [info] Getting sessions for user:email...
2024-04-23 22:07:53.810 [info] Got 1 sessions for user:email...
2024-04-23 22:07:53.810 [info] Getting sessions for user:email...
2024-04-23 22:07:53.810 [info] Got 1 sessions for user:email...
2024-04-23 22:07:55.523 [info] Getting sessions for read:user,repo,user:email,workflow...
2024-04-23 22:07:55.523 [info] Got 0 sessions for read:user,repo,user:email,workflow...
2024-04-23 22:07:55.524 [info] Getting sessions for read:user...
2024-04-23 22:07:55.524 [info] Got 0 sessions for read:user...
2024-04-23 22:07:55.525 [info] Getting sessions for user:email...
2024-04-23 22:07:55.525 [info] Got 1 sessions for user:email...
