2024-04-23 22:09:16.929 [info] Reading sessions from keychain...
2024-04-23 22:09:16.929 [info] Getting sessions for all scopes...
2024-04-23 22:09:16.929 [info] Got stored sessions!
2024-04-23 22:09:16.929 [info] Got 1 verified sessions.
2024-04-23 22:09:16.929 [info] Got 1 sessions for ...
2024-04-23 22:09:16.929 [info] Getting sessions for all scopes...
2024-04-23 22:09:16.929 [info] Got 1 sessions for ...
2024-04-23 22:09:16.929 [info] Getting sessions for read:user,repo,user:email,workflow...
2024-04-23 22:09:16.929 [info] Got 0 sessions for read:user,repo,user:email,workflow...
2024-04-23 22:09:16.929 [info] Getting sessions for read:user...
2024-04-23 22:09:16.929 [info] Got 0 sessions for read:user...
2024-04-23 22:09:16.930 [info] Getting sessions for user:email...
2024-04-23 22:09:16.930 [info] Got 1 sessions for user:email...
2024-04-23 22:09:19.801 [info] Getting sessions for read:user,repo,user:email,workflow...
2024-04-23 22:09:19.801 [info] Got 0 sessions for read:user,repo,user:email,workflow...
2024-04-23 22:09:19.837 [info] Getting sessions for read:user...
2024-04-23 22:09:19.837 [info] Got 0 sessions for read:user...
2024-04-23 22:09:19.841 [info] Getting sessions for user:email...
2024-04-23 22:09:19.841 [info] Got 1 sessions for user:email...
2024-04-23 22:09:21.157 [info] Getting sessions for read:user,repo,user:email,workflow...
2024-04-23 22:09:21.157 [info] Got 0 sessions for read:user,repo,user:email,workflow...
2024-04-23 22:09:21.167 [info] Getting sessions for read:user...
2024-04-23 22:09:21.167 [info] Got 0 sessions for read:user...
2024-04-23 22:09:21.168 [info] Getting sessions for user:email...
2024-04-23 22:09:21.168 [info] Got 1 sessions for user:email...
2024-04-23 22:09:21.173 [info] Getting sessions for all scopes...
2024-04-23 22:09:21.173 [info] Got 1 sessions for ...
