2024-04-23 22:14:40.433 [info] Reading sessions from keychain...
2024-04-23 22:14:40.433 [info] Getting sessions for all scopes...
2024-04-23 22:14:40.433 [info] Got stored sessions!
2024-04-23 22:14:40.433 [info] Got 1 verified sessions.
2024-04-23 22:14:40.433 [info] Got 1 sessions for ...
2024-04-23 22:14:40.433 [info] Getting sessions for read:user,repo,user:email,workflow...
2024-04-23 22:14:40.433 [info] Got 0 sessions for read:user,repo,user:email,workflow...
2024-04-23 22:14:40.436 [info] Getting sessions for all scopes...
2024-04-23 22:14:40.436 [info] Got 1 sessions for ...
2024-04-23 22:14:40.437 [info] Getting sessions for read:user...
2024-04-23 22:14:40.437 [info] Got 0 sessions for read:user...
2024-04-23 22:14:40.443 [info] Getting sessions for user:email...
2024-04-23 22:14:40.443 [info] Got 1 sessions for user:email...
2024-04-23 22:14:42.894 [info] Getting sessions for read:user,repo,user:email,workflow...
2024-04-23 22:14:42.894 [info] Got 0 sessions for read:user,repo,user:email,workflow...
2024-04-23 22:14:42.900 [info] Getting sessions for read:user...
2024-04-23 22:14:42.900 [info] Got 0 sessions for read:user...
2024-04-23 22:14:42.902 [info] Getting sessions for user:email...
2024-04-23 22:14:42.902 [info] Got 1 sessions for user:email...
2024-04-23 22:14:44.307 [info] Getting sessions for read:user,repo,user:email,workflow...
2024-04-23 22:14:44.307 [info] Got 0 sessions for read:user,repo,user:email,workflow...
2024-04-23 22:14:44.308 [info] Getting sessions for read:user...
2024-04-23 22:14:44.308 [info] Got 0 sessions for read:user...
2024-04-23 22:14:44.308 [info] Getting sessions for user:email...
2024-04-23 22:14:44.308 [info] Got 1 sessions for user:email...
2024-04-23 22:14:44.323 [info] Getting sessions for all scopes...
2024-04-23 22:14:44.323 [info] Got 1 sessions for ...
2024-04-23 22:14:48.379 [info] Getting sessions for read:user,repo,user:email,workflow...
2024-04-23 22:14:48.379 [info] Got 0 sessions for read:user,repo,user:email,workflow...
